<?xml version="1.0" encoding="utf-8"?><testsuites><testsuite name="pytest" errors="0" failures="1" skipped="0" tests="340" time="108.707" timestamp="2026-06-21T06:39:32.644621" hostname="runnervm7b5n9"><testcase classname="tests.test_comprehensive" name="test_authentication_cases[TC-AUTH-001]" time="2.385" /><testcase classname="tests.test_comprehensive" name="test_authentication_cases[TC-AUTH-002]" time="0.462" /><testcase classname="tests.test_comprehensive" name="test_authentication_cases[TC-AUTH-003]" time="0.459" /><testcase classname="tests.test_comprehensive" name="test_authentication_cases[TC-AUTH-004]" time="0.491" /><testcase classname="tests.test_comprehensive" name="test_authentication_cases[TC-AUTH-005]" time="0.496" /><testcase classname="tests.test_comprehensive" name="test_authentication_cases[TC-AUTH-006]" time="0.521" /><testcase classname="tests.test_comprehensive" name="test_authentication_cases[TC-AUTH-007]" time="0.595" /><testcase classname="tests.test_comprehensive" name="test_authentication_cases[TC-AUTH-008]" time="0.495" /><testcase classname="tests.test_comprehensive" name="test_authentication_cases[TC-AUTH-009]" time="0.487" /><testcase classname="tests.test_comprehensive" name="test_authentication_cases[TC-AUTH-010]" time="5.319"><failure message="selenium.common.exceptions.TimeoutException: Message:">browser = &lt;selenium.webdriver.chrome.webdriver.WebDriver (session="5229ddecaa0e645137d1241b827cc50b")&gt;
login_helper = &lt;function login_helper.&lt;locals&gt;._login at 0x7ff779678ea0&gt;
tc_id = 'TC-AUTH-010'

    @pytest.mark.parametrize("tc_id", [f"TC-AUTH-{i:03d}" for i in range(1, 36)])
    def test_authentication_cases(browser, login_helper, tc_id):
        meta = get_metadata(tc_id)
        inputs = meta["inputs"]
    
        if inputs["action"] == "login":
            ensure_logged_out(browser)
            browser.get("http://localhost:5173/login")
    
            username_field = browser.find_element(By.XPATH, "//input[@placeholder='Enter username']")
            password_field = browser.find_element(By.XPATH, "//input[@placeholder='Enter password']")
    
            username_field.clear()
            username_field.send_keys(inputs["username"])
            password_field.clear()
            password_field.send_keys(inputs["password"])
    
            submit_btn = browser.find_element(By.XPATH, "//button[@type='submit']")
            submit_btn.click()
    
            if inputs["expected"] == "SUCCESS":
&gt;               WebDriverWait(browser, 5).until(EC.url_contains("dashboard"))

tests/test_comprehensive.py:56: 
_ _ _ _ _ _ _ _ _ _ _ _ _ _ _ _ _ _ _ _ _ _ _ _ _ _ _ _ _ _ _ _ _ _ _ _ _ _ _ _ 

self = &lt;selenium.webdriver.support.wait.WebDriverWait (session="5229ddecaa0e645137d1241b827cc50b")&gt;
method = &lt;function url_contains.&lt;locals&gt;._predicate at 0x7ff779679120&gt;
message = ''

    def until(self, method: Callable[[D], Literal[False] | T], message: str = "") -&gt; T:
        """Wait until the method returns a value that is not False.
    
        Calls the method provided with the driver as an argument until the
        return value does not evaluate to ``False``.
    
        Args:
            method: A callable object that takes a WebDriver instance as an
                argument.
            message: Optional message for TimeoutException.
    
        Returns:
            The result of the last call to `method`.
    
        Raises:
            TimeoutException: If 'method' does not return a truthy value within
                the WebDriverWait object's timeout.
    
        Example:
            &gt;&gt;&gt; from selenium.webdriver.common.by import By
            &gt;&gt;&gt; from selenium.webdriver.support.ui import WebDriverWait
            &gt;&gt;&gt; from selenium.webdriver.support import expected_conditions as EC
            &gt;&gt;&gt;
            &gt;&gt;&gt; # Wait until an element is visible on the page
            &gt;&gt;&gt; wait = WebDriverWait(driver, 10)
            &gt;&gt;&gt; element = wait.until(EC.visibility_of_element_located((By.ID, "exampleId")))
            &gt;&gt;&gt; print(element.text)
        """
        screen = None
        stacktrace = None
    
        end_time = time.monotonic() + self._timeout
        while True:
            try:
                value = method(self._driver)
                if value:
                    return value
            except self._ignored_exceptions as exc:
                screen = getattr(exc, "screen", None)
                stacktrace = getattr(exc, "stacktrace", None)
            if time.monotonic() &gt; end_time:
                break
            time.sleep(self._poll)
&gt;       raise TimeoutException(message, screen, stacktrace)
E       selenium.common.exceptions.TimeoutException: Message:

/opt/hostedtoolcache/Python/3.11.15/x64/lib/python3.11/site-packages/selenium/webdriver/support/wait.py:121: TimeoutException</failure></testcase><testcase classname="tests.test_comprehensive" name="test_authentication_cases[TC-AUTH-011]" time="0.934" /><testcase classname="tests.test_comprehensive" name="test_authentication_cases[TC-AUTH-012]" time="1.124" /><testcase classname="tests.test_comprehensive" name="test_authentication_cases[TC-AUTH-013]" time="1.079" /><testcase classname="tests.test_comprehensive" name="test_authentication_cases[TC-AUTH-014]" time="1.072" /><testcase classname="tests.test_comprehensive" name="test_authentication_cases[TC-AUTH-015]" time="1.092" /><testcase classname="tests.test_comprehensive" name="test_authentication_cases[TC-AUTH-016]" time="1.199" /><testcase classname="tests.test_comprehensive" name="test_authentication_cases[TC-AUTH-017]" time="1.126" /><testcase classname="tests.test_comprehensive" name="test_authentication_cases[TC-AUTH-018]" time="1.110" /><testcase classname="tests.test_comprehensive" name="test_authentication_cases[TC-AUTH-019]" time="2.886" /><testcase classname="tests.test_comprehensive" name="test_authentication_cases[TC-AUTH-020]" time="1.606" /><testcase classname="tests.test_comprehensive" name="test_authentication_cases[TC-AUTH-021]" time="0.256" /><testcase classname="tests.test_comprehensive" name="test_authentication_cases[TC-AUTH-022]" time="6.039" /><testcase classname="tests.test_comprehensive" name="test_authentication_cases[TC-AUTH-023]" time="0.179" /><testcase classname="tests.test_comprehensive" name="test_authentication_cases[TC-AUTH-024]" time="0.088" /><testcase classname="tests.test_comprehensive" name="test_authentication_cases[TC-AUTH-025]" time="0.141" /><testcase classname="tests.test_comprehensive" name="test_authentication_cases[TC-AUTH-026]" time="0.194" /><testcase classname="tests.test_comprehensive" name="test_authentication_cases[TC-AUTH-027]" time="0.124" /><testcase classname="tests.test_comprehensive" name="test_authentication_cases[TC-AUTH-028]" time="0.123" /><testcase classname="tests.test_comprehensive" name="test_authentication_cases[TC-AUTH-029]" time="0.133" /><testcase classname="tests.test_comprehensive" name="test_authentication_cases[TC-AUTH-030]" time="0.148" /><testcase classname="tests.test_comprehensive" name="test_authentication_cases[TC-AUTH-031]" time="0.128" /><testcase classname="tests.test_comprehensive" name="test_authentication_cases[TC-AUTH-032]" time="0.192" /><testcase classname="tests.test_comprehensive" name="test_authentication_cases[TC-AUTH-033]" time="0.117" /><testcase classname="tests.test_comprehensive" name="test_authentication_cases[TC-AUTH-034]" time="0.105" /><testcase classname="tests.test_comprehensive" name="test_authentication_cases[TC-AUTH-035]" time="0.094" /><testcase classname="tests.test_comprehensive" name="test_profile_cases[TC-PROF-001]" time="0.360" /><testcase classname="tests.test_comprehensive" name="test_profile_cases[TC-PROF-002]" time="0.249" /><testcase classname="tests.test_comprehensive" name="test_profile_cases[TC-PROF-003]" time="0.249" /><testcase classname="tests.test_comprehensive" name="test_profile_cases[TC-PROF-004]" time="0.256" /><testcase classname="tests.test_comprehensive" name="test_profile_cases[TC-PROF-005]" time="0.270" /><testcase classname="tests.test_comprehensive" name="test_profile_cases[TC-PROF-006]" time="0.308" /><testcase classname="tests.test_comprehensive" name="test_profile_cases[TC-PROF-007]" time="0.270" /><testcase classname="tests.test_comprehensive" name="test_profile_cases[TC-PROF-008]" time="0.279" /><testcase classname="tests.test_comprehensive" name="test_profile_cases[TC-PROF-009]" time="0.250" /><testcase classname="tests.test_comprehensive" name="test_profile_cases[TC-PROF-010]" time="0.427" /><testcase classname="tests.test_comprehensive" name="test_profile_cases[TC-PROF-011]" time="0.325" /><testcase classname="tests.test_comprehensive" name="test_profile_cases[TC-PROF-012]" time="0.294" /><testcase classname="tests.test_comprehensive" name="test_profile_cases[TC-PROF-013]" time="0.296" /><testcase classname="tests.test_comprehensive" name="test_profile_cases[TC-PROF-014]" time="0.283" /><testcase classname="tests.test_comprehensive" name="test_profile_cases[TC-PROF-015]" time="0.282" /><testcase classname="tests.test_comprehensive" name="test_profile_cases[TC-PROF-016]" time="0.080" /><testcase classname="tests.test_comprehensive" name="test_profile_cases[TC-PROF-017]" time="0.100" /><testcase classname="tests.test_comprehensive" name="test_profile_cases[TC-PROF-018]" time="0.090" /><testcase classname="tests.test_comprehensive" name="test_profile_cases[TC-PROF-019]" time="0.098" /><testcase classname="tests.test_comprehensive" name="test_profile_cases[TC-PROF-020]" time="0.103" /><testcase classname="tests.test_comprehensive" name="test_profile_cases[TC-PROF-021]" time="0.080" /><testcase classname="tests.test_comprehensive" name="test_profile_cases[TC-PROF-022]" time="0.100" /><testcase classname="tests.test_comprehensive" name="test_profile_cases[TC-PROF-023]" time="0.108" /><testcase classname="tests.test_comprehensive" name="test_profile_cases[TC-PROF-024]" time="0.104" /><testcase classname="tests.test_comprehensive" name="test_profile_cases[TC-PROF-025]" time="0.095" /><testcase classname="tests.test_comprehensive" name="test_profile_cases[TC-PROF-026]" time="0.087" /><testcase classname="tests.test_comprehensive" name="test_profile_cases[TC-PROF-027]" time="0.104" /><testcase classname="tests.test_comprehensive" name="test_profile_cases[TC-PROF-028]" time="0.121" /><testcase classname="tests.test_comprehensive" name="test_profile_cases[TC-PROF-029]" time="0.090" /><testcase classname="tests.test_comprehensive" name="test_profile_cases[TC-PROF-030]" time="0.095" /><testcase classname="tests.test_comprehensive" name="test_profile_cases[TC-PROF-031]" time="0.091" /><testcase classname="tests.test_comprehensive" name="test_profile_cases[TC-PROF-032]" time="0.108" /><testcase classname="tests.test_comprehensive" name="test_profile_cases[TC-PROF-033]" time="0.100" /><testcase classname="tests.test_comprehensive" name="test_profile_cases[TC-PROF-034]" time="0.097" /><testcase classname="tests.test_comprehensive" name="test_profile_cases[TC-PROF-035]" time="0.087" /><testcase classname="tests.test_comprehensive" name="test_form_validation_cases[TC-FORM-001]" time="0.171" /><testcase classname="tests.test_comprehensive" name="test_form_validation_cases[TC-FORM-002]" time="0.523" /><testcase classname="tests.test_comprehensive" name="test_form_validation_cases[TC-FORM-003]" time="0.525" /><testcase classname="tests.test_comprehensive" name="test_form_validation_cases[TC-FORM-004]" time="0.017" /><testcase classname="tests.test_comprehensive" name="test_form_validation_cases[TC-FORM-005]" time="0.017" /><testcase classname="tests.test_comprehensive" name="test_form_validation_cases[TC-FORM-006]" time="0.017" /><testcase classname="tests.test_comprehensive" name="test_form_validation_cases[TC-FORM-007]" time="0.017" /><testcase classname="tests.test_comprehensive" name="test_form_validation_cases[TC-FORM-008]" time="0.017" /><testcase classname="tests.test_comprehensive" name="test_form_validation_cases[TC-FORM-009]" time="0.017" /><testcase classname="tests.test_comprehensive" name="test_form_validation_cases[TC-FORM-010]" time="0.521" /><testcase classname="tests.test_comprehensive" name="test_form_validation_cases[TC-FORM-011]" time="0.017" /><testcase classname="tests.test_comprehensive" name="test_form_validation_cases[TC-FORM-012]" time="0.013" /><testcase classname="tests.test_comprehensive" name="test_form_validation_cases[TC-FORM-013]" time="0.013" /><testcase classname="tests.test_comprehensive" name="test_form_validation_cases[TC-FORM-014]" time="0.013" /><testcase classname="tests.test_comprehensive" name="test_form_validation_cases[TC-FORM-015]" time="0.013" /><testcase classname="tests.test_comprehensive" name="test_form_validation_cases[TC-FORM-016]" time="0.012" /><testcase classname="tests.test_comprehensive" name="test_form_validation_cases[TC-FORM-017]" time="0.012" /><testcase classname="tests.test_comprehensive" name="test_form_validation_cases[TC-FORM-018]" time="0.012" /><testcase classname="tests.test_comprehensive" name="test_form_validation_cases[TC-FORM-019]" time="0.013" /><testcase classname="tests.test_comprehensive" name="test_form_validation_cases[TC-FORM-020]" time="0.012" /><testcase classname="tests.test_comprehensive" name="test_form_validation_cases[TC-FORM-021]" time="0.012" /><testcase classname="tests.test_comprehensive" name="test_form_validation_cases[TC-FORM-022]" time="0.012" /><testcase classname="tests.test_comprehensive" name="test_form_validation_cases[TC-FORM-023]" time="0.012" /><testcase classname="tests.test_comprehensive" name="test_form_validation_cases[TC-FORM-024]" time="0.012" /><testcase classname="tests.test_comprehensive" name="test_form_validation_cases[TC-FORM-025]" time="0.012" /><testcase classname="tests.test_comprehensive" name="test_form_validation_cases[TC-FORM-026]" time="0.012" /><testcase classname="tests.test_comprehensive" name="test_form_validation_cases[TC-FORM-027]" time="0.012" /><testcase classname="tests.test_comprehensive" name="test_form_validation_cases[TC-FORM-028]" time="0.012" /><testcase classname="tests.test_comprehensive" name="test_form_validation_cases[TC-FORM-029]" time="0.012" /><testcase classname="tests.test_comprehensive" name="test_form_validation_cases[TC-FORM-030]" time="0.021" /><testcase classname="tests.test_comprehensive" name="test_form_validation_cases[TC-FORM-031]" time="0.012" /><testcase classname="tests.test_comprehensive" name="test_form_validation_cases[TC-FORM-032]" time="0.014" /><testcase classname="tests.test_comprehensive" name="test_form_validation_cases[TC-FORM-033]" time="0.016" /><testcase classname="tests.test_comprehensive" name="test_form_validation_cases[TC-FORM-034]" time="0.014" /><testcase classname="tests.test_comprehensive" name="test_form_validation_cases[TC-FORM-035]" time="0.013" /><testcase classname="tests.test_comprehensive" name="test_form_validation_cases[TC-FORM-036]" time="0.012" /><testcase classname="tests.test_comprehensive" name="test_form_validation_cases[TC-FORM-037]" time="0.013" /><testcase classname="tests.test_comprehensive" name="test_form_validation_cases[TC-FORM-038]" time="0.012" /><testcase classname="tests.test_comprehensive" name="test_form_validation_cases[TC-FORM-039]" time="0.012" /><testcase classname="tests.test_comprehensive" name="test_form_validation_cases[TC-FORM-040]" time="0.012" /><testcase classname="tests.test_comprehensive" name="test_form_validation_cases[TC-FORM-041]" time="0.013" /><testcase classname="tests.test_comprehensive" name="test_form_validation_cases[TC-FORM-042]" time="0.013" /><testcase classname="tests.test_comprehensive" name="test_form_validation_cases[TC-FORM-043]" time="0.013" /><testcase classname="tests.test_comprehensive" name="test_form_validation_cases[TC-FORM-044]" time="0.012" /><testcase classname="tests.test_comprehensive" name="test_form_validation_cases[TC-FORM-045]" time="0.012" /><testcase classname="tests.test_comprehensive" name="test_form_validation_cases[TC-FORM-046]" time="0.013" /><testcase classname="tests.test_comprehensive" name="test_form_validation_cases[TC-FORM-047]" time="0.012" /><testcase classname="tests.test_comprehensive" name="test_form_validation_cases[TC-FORM-048]" time="0.012" /><testcase classname="tests.test_comprehensive" name="test_form_validation_cases[TC-FORM-049]" time="0.013" /><testcase classname="tests.test_comprehensive" name="test_form_validation_cases[TC-FORM-050]" time="0.012" /><testcase classname="tests.test_comprehensive" name="test_form_validation_cases[TC-FORM-051]" time="0.013" /><testcase classname="tests.test_comprehensive" name="test_form_validation_cases[TC-FORM-052]" time="0.014" /><testcase classname="tests.test_comprehensive" name="test_form_validation_cases[TC-FORM-053]" time="0.015" /><testcase classname="tests.test_comprehensive" name="test_form_validation_cases[TC-FORM-054]" time="0.014" /><testcase classname="tests.test_comprehensive" name="test_form_validation_cases[TC-FORM-055]" time="0.013" /><testcase classname="tests.test_comprehensive" name="test_form_validation_cases[TC-FORM-056]" time="0.012" /><testcase classname="tests.test_comprehensive" name="test_form_validation_cases[TC-FORM-057]" time="0.012" /><testcase classname="tests.test_comprehensive" name="test_form_validation_cases[TC-FORM-058]" time="0.012" /><testcase classname="tests.test_comprehensive" name="test_form_validation_cases[TC-FORM-059]" time="0.013" /><testcase classname="tests.test_comprehensive" name="test_form_validation_cases[TC-FORM-060]" time="0.013" /><testcase classname="tests.test_comprehensive" name="test_navigation_cases[TC-NAV-001]" time="2.133" /><testcase classname="tests.test_comprehensive" name="test_navigation_cases[TC-NAV-002]" time="2.261" /><testcase classname="tests.test_comprehensive" name="test_navigation_cases[TC-NAV-003]" time="2.137" /><testcase classname="tests.test_comprehensive" name="test_navigation_cases[TC-NAV-004]" time="2.386" /><testcase classname="tests.test_comprehensive" name="test_navigation_cases[TC-NAV-005]" time="0.316" /><testcase classname="tests.test_comprehensive" name="test_navigation_cases[TC-NAV-006]" time="0.075" /><testcase classname="tests.test_comprehensive" name="test_navigation_cases[TC-NAV-007]" time="2.130" /><testcase classname="tests.test_comprehensive" name="test_navigation_cases[TC-NAV-008]" time="2.230" /><testcase classname="tests.test_comprehensive" name="test_navigation_cases[TC-NAV-009]" time="2.231" /><testcase classname="tests.test_comprehensive" name="test_navigation_cases[TC-NAV-010]" time="2.023" /><testcase classname="tests.test_comprehensive" name="test_navigation_cases[TC-NAV-011]" time="0.215" /><testcase classname="tests.test_comprehensive" name="test_navigation_cases[TC-NAV-012]" time="0.076" /><testcase classname="tests.test_comprehensive" name="test_navigation_cases[TC-NAV-013]" time="2.612" /><testcase classname="tests.test_comprehensive" name="test_navigation_cases[TC-NAV-014]" time="2.294" /><testcase classname="tests.test_comprehensive" name="test_navigation_cases[TC-NAV-015]" time="2.206" /><testcase classname="tests.test_comprehensive" name="test_navigation_cases[TC-NAV-016]" time="2.223" /><testcase classname="tests.test_comprehensive" name="test_navigation_cases[TC-NAV-017]" time="0.328" /><testcase classname="tests.test_comprehensive" name="test_navigation_cases[TC-NAV-018]" time="0.082" /><testcase classname="tests.test_comprehensive" name="test_navigation_cases[TC-NAV-019]" time="2.131" /><testcase classname="tests.test_comprehensive" name="test_navigation_cases[TC-NAV-020]" time="2.278" /><testcase classname="tests.test_comprehensive" name="test_navigation_cases[TC-NAV-021]" time="2.265" /><testcase classname="tests.test_comprehensive" name="test_navigation_cases[TC-NAV-022]" time="2.210" /><testcase classname="tests.test_comprehensive" name="test_navigation_cases[TC-NAV-023]" time="0.333" /><testcase classname="tests.test_comprehensive" name="test_navigation_cases[TC-NAV-024]" time="0.078" /><testcase classname="tests.test_comprehensive" name="test_navigation_cases[TC-NAV-025]" time="2.146" /><testcase classname="tests.test_comprehensive" name="test_navigation_cases[TC-NAV-026]" time="2.425" /><testcase classname="tests.test_comprehensive" name="test_navigation_cases[TC-NAV-027]" time="2.228" /><testcase classname="tests.test_comprehensive" name="test_navigation_cases[TC-NAV-028]" time="2.225" /><testcase classname="tests.test_comprehensive" name="test_navigation_cases[TC-NAV-029]" time="0.328" /><testcase classname="tests.test_comprehensive" name="test_navigation_cases[TC-NAV-030]" time="0.081" /><testcase classname="tests.test_comprehensive" name="test_dashboard_cases[TC-DASH-001]" time="1.828" /><testcase classname="tests.test_comprehensive" name="test_dashboard_cases[TC-DASH-002]" time="0.017" /><testcase classname="tests.test_comprehensive" name="test_dashboard_cases[TC-DASH-003]" time="0.015" /><testcase classname="tests.test_comprehensive" name="test_dashboard_cases[TC-DASH-004]" time="0.026" /><testcase classname="tests.test_comprehensive" name="test_dashboard_cases[TC-DASH-005]" time="0.015" /><testcase classname="tests.test_comprehensive" name="test_dashboard_cases[TC-DASH-006]" time="0.015" /><testcase classname="tests.test_comprehensive" name="test_dashboard_cases[TC-DASH-007]" time="0.016" /><testcase classname="tests.test_comprehensive" name="test_dashboard_cases[TC-DASH-008]" time="0.013" /><testcase classname="tests.test_comprehensive" name="test_dashboard_cases[TC-DASH-009]" time="0.014" /><testcase classname="tests.test_comprehensive" name="test_dashboard_cases[TC-DASH-010]" time="0.016" /><testcase classname="tests.test_comprehensive" name="test_dashboard_cases[TC-DASH-011]" time="0.015" /><testcase classname="tests.test_comprehensive" name="test_dashboard_cases[TC-DASH-012]" time="0.016" /><testcase classname="tests.test_comprehensive" name="test_dashboard_cases[TC-DASH-013]" time="0.016" /><testcase classname="tests.test_comprehensive" name="test_dashboard_cases[TC-DASH-014]" time="0.016" /><testcase classname="tests.test_comprehensive" name="test_dashboard_cases[TC-DASH-015]" time="0.015" /><testcase classname="tests.test_comprehensive" name="test_dashboard_cases[TC-DASH-016]" time="0.014" /><testcase classname="tests.test_comprehensive" name="test_dashboard_cases[TC-DASH-017]" time="0.015" /><testcase classname="tests.test_comprehensive" name="test_dashboard_cases[TC-DASH-018]" time="0.016" /><testcase classname="tests.test_comprehensive" name="test_dashboard_cases[TC-DASH-019]" time="0.016" /><testcase classname="tests.test_comprehensive" name="test_dashboard_cases[TC-DASH-020]" time="0.016" /><testcase classname="tests.test_comprehensive" name="test_dashboard_cases[TC-DASH-021]" time="0.016" /><testcase classname="tests.test_comprehensive" name="test_dashboard_cases[TC-DASH-022]" time="0.015" /><testcase classname="tests.test_comprehensive" name="test_dashboard_cases[TC-DASH-023]" time="0.017" /><testcase classname="tests.test_comprehensive" name="test_dashboard_cases[TC-DASH-024]" time="0.015" /><testcase classname="tests.test_comprehensive" name="test_dashboard_cases[TC-DASH-025]" time="0.015" /><testcase classname="tests.test_comprehensive" name="test_dashboard_cases[TC-DASH-026]" time="0.016" /><testcase classname="tests.test_comprehensive" name="test_dashboard_cases[TC-DASH-027]" time="0.016" /><testcase classname="tests.test_comprehensive" name="test_dashboard_cases[TC-DASH-028]" time="0.016" /><testcase classname="tests.test_comprehensive" name="test_dashboard_cases[TC-DASH-029]" time="0.016" /><testcase classname="tests.test_comprehensive" name="test_dashboard_cases[TC-DASH-030]" time="0.016" /><testcase classname="tests.test_comprehensive" name="test_crud_cases[TC-CRUD-001]" time="0.011" /><testcase classname="tests.test_comprehensive" name="test_crud_cases[TC-CRUD-002]" time="0.010" /><testcase classname="tests.test_comprehensive" name="test_crud_cases[TC-CRUD-003]" time="0.012" /><testcase classname="tests.test_comprehensive" name="test_crud_cases[TC-CRUD-004]" time="0.012" /><testcase classname="tests.test_comprehensive" name="test_crud_cases[TC-CRUD-005]" time="0.009" /><testcase classname="tests.test_comprehensive" name="test_crud_cases[TC-CRUD-006]" time="0.012" /><testcase classname="tests.test_comprehensive" name="test_crud_cases[TC-CRUD-007]" time="0.012" /><testcase classname="tests.test_comprehensive" name="test_crud_cases[TC-CRUD-008]" time="0.026" /><testcase classname="tests.test_comprehensive" name="test_crud_cases[TC-CRUD-009]" time="0.013" /><testcase classname="tests.test_comprehensive" name="test_crud_cases[TC-CRUD-010]" time="0.011" /><testcase classname="tests.test_comprehensive" name="test_crud_cases[TC-CRUD-011]" time="0.011" /><testcase classname="tests.test_comprehensive" name="test_crud_cases[TC-CRUD-012]" time="0.014" /><testcase classname="tests.test_comprehensive" name="test_crud_cases[TC-CRUD-013]" time="0.009" /><testcase classname="tests.test_comprehensive" name="test_crud_cases[TC-CRUD-014]" time="0.011" /><testcase classname="tests.test_comprehensive" name="test_crud_cases[TC-CRUD-015]" time="0.010" /><testcase classname="tests.test_comprehensive" name="test_crud_cases[TC-CRUD-016]" time="0.010" /><testcase classname="tests.test_comprehensive" name="test_crud_cases[TC-CRUD-017]" time="0.011" /><testcase classname="tests.test_comprehensive" name="test_crud_cases[TC-CRUD-018]" time="0.011" /><testcase classname="tests.test_comprehensive" name="test_crud_cases[TC-CRUD-019]" time="0.009" /><testcase classname="tests.test_comprehensive" name="test_crud_cases[TC-CRUD-020]" time="0.011" /><testcase classname="tests.test_comprehensive" name="test_crud_cases[TC-CRUD-021]" time="0.012" /><testcase classname="tests.test_comprehensive" name="test_crud_cases[TC-CRUD-022]" time="0.010" /><testcase classname="tests.test_comprehensive" name="test_crud_cases[TC-CRUD-023]" time="0.011" /><testcase classname="tests.test_comprehensive" name="test_crud_cases[TC-CRUD-024]" time="0.011" /><testcase classname="tests.test_comprehensive" name="test_crud_cases[TC-CRUD-025]" time="0.009" /><testcase classname="tests.test_comprehensive" name="test_crud_cases[TC-CRUD-026]" time="0.012" /><testcase classname="tests.test_comprehensive" name="test_crud_cases[TC-CRUD-027]" time="0.011" /><testcase classname="tests.test_comprehensive" name="test_crud_cases[TC-CRUD-028]" time="0.009" /><testcase classname="tests.test_comprehensive" name="test_crud_cases[TC-CRUD-029]" time="0.011" /><testcase classname="tests.test_comprehensive" name="test_crud_cases[TC-CRUD-030]" time="0.011" /><testcase classname="tests.test_comprehensive" name="test_search_cases[TC-SRCH-001]" time="0.110" /><testcase classname="tests.test_comprehensive" name="test_search_cases[TC-SRCH-002]" time="0.166" /><testcase classname="tests.test_comprehensive" name="test_search_cases[TC-SRCH-003]" time="0.158" /><testcase classname="tests.test_comprehensive" name="test_search_cases[TC-SRCH-004]" time="0.009" /><testcase classname="tests.test_comprehensive" name="test_search_cases[TC-SRCH-005]" time="0.011" /><testcase classname="tests.test_comprehensive" name="test_search_cases[TC-SRCH-006]" time="0.011" /><testcase classname="tests.test_comprehensive" name="test_search_cases[TC-SRCH-007]" time="0.009" /><testcase classname="tests.test_comprehensive" name="test_search_cases[TC-SRCH-008]" time="0.009" /><testcase classname="tests.test_comprehensive" name="test_search_cases[TC-SRCH-009]" time="0.009" /><testcase classname="tests.test_comprehensive" name="test_search_cases[TC-SRCH-010]" time="0.009" /><testcase classname="tests.test_comprehensive" name="test_search_cases[TC-SRCH-011]" time="0.158" /><testcase classname="tests.test_comprehensive" name="test_search_cases[TC-SRCH-012]" time="0.155" /><testcase classname="tests.test_comprehensive" name="test_search_cases[TC-SRCH-013]" time="0.156" /><testcase classname="tests.test_comprehensive" name="test_search_cases[TC-SRCH-014]" time="0.010" /><testcase classname="tests.test_comprehensive" name="test_search_cases[TC-SRCH-015]" time="0.009" /><testcase classname="tests.test_comprehensive" name="test_search_cases[TC-SRCH-016]" time="0.009" /><testcase classname="tests.test_comprehensive" name="test_search_cases[TC-SRCH-017]" time="0.009" /><testcase classname="tests.test_comprehensive" name="test_search_cases[TC-SRCH-018]" time="0.009" /><testcase classname="tests.test_comprehensive" name="test_search_cases[TC-SRCH-019]" time="0.009" /><testcase classname="tests.test_comprehensive" name="test_search_cases[TC-SRCH-020]" time="0.009" /><testcase classname="tests.test_comprehensive" name="test_search_cases[TC-SRCH-021]" time="0.249" /><testcase classname="tests.test_comprehensive" name="test_search_cases[TC-SRCH-022]" time="0.153" /><testcase classname="tests.test_comprehensive" name="test_search_cases[TC-SRCH-023]" time="0.153" /><testcase classname="tests.test_comprehensive" name="test_search_cases[TC-SRCH-024]" time="0.010" /><testcase classname="tests.test_comprehensive" name="test_search_cases[TC-SRCH-025]" time="0.009" /><testcase classname="tests.test_comprehensive" name="test_search_cases[TC-SRCH-026]" time="0.009" /><testcase classname="tests.test_comprehensive" name="test_search_cases[TC-SRCH-027]" time="0.009" /><testcase classname="tests.test_comprehensive" name="test_search_cases[TC-SRCH-028]" time="0.010" /><testcase classname="tests.test_comprehensive" name="test_search_cases[TC-SRCH-029]" time="0.010" /><testcase classname="tests.test_comprehensive" name="test_search_cases[TC-SRCH-030]" time="0.009" /><testcase classname="tests.test_comprehensive" name="test_ui_ux_cases[TC-UIUX-001]" time="0.044" /><testcase classname="tests.test_comprehensive" name="test_ui_ux_cases[TC-UIUX-002]" time="0.041" /><testcase classname="tests.test_comprehensive" name="test_ui_ux_cases[TC-UIUX-003]" time="0.041" /><testcase classname="tests.test_comprehensive" name="test_ui_ux_cases[TC-UIUX-004]" time="0.039" /><testcase classname="tests.test_comprehensive" name="test_ui_ux_cases[TC-UIUX-005]" time="0.042" /><testcase classname="tests.test_comprehensive" name="test_ui_ux_cases[TC-UIUX-006]" time="0.041" /><testcase classname="tests.test_comprehensive" name="test_ui_ux_cases[TC-UIUX-007]" time="0.016" /><testcase classname="tests.test_comprehensive" name="test_ui_ux_cases[TC-UIUX-008]" time="0.044" /><testcase classname="tests.test_comprehensive" name="test_ui_ux_cases[TC-UIUX-009]" time="0.048" /><testcase classname="tests.test_comprehensive" name="test_ui_ux_cases[TC-UIUX-010]" time="0.042" /><testcase classname="tests.test_comprehensive" name="test_ui_ux_cases[TC-UIUX-011]" time="0.039" /><testcase classname="tests.test_comprehensive" name="test_ui_ux_cases[TC-UIUX-012]" time="0.039" /><testcase classname="tests.test_comprehensive" name="test_ui_ux_cases[TC-UIUX-013]" time="0.040" /><testcase classname="tests.test_comprehensive" name="test_ui_ux_cases[TC-UIUX-014]" time="0.039" /><testcase classname="tests.test_comprehensive" name="test_ui_ux_cases[TC-UIUX-015]" time="0.043" /><testcase classname="tests.test_comprehensive" name="test_ui_ux_cases[TC-UIUX-016]" time="0.039" /><testcase classname="tests.test_comprehensive" name="test_ui_ux_cases[TC-UIUX-017]" time="0.019" /><testcase classname="tests.test_comprehensive" name="test_ui_ux_cases[TC-UIUX-018]" time="0.042" /><testcase classname="tests.test_comprehensive" name="test_ui_ux_cases[TC-UIUX-019]" time="0.050" /><testcase classname="tests.test_comprehensive" name="test_ui_ux_cases[TC-UIUX-020]" time="0.042" /><testcase classname="tests.test_comprehensive" name="test_ui_ux_cases[TC-UIUX-021]" time="0.041" /><testcase classname="tests.test_comprehensive" name="test_ui_ux_cases[TC-UIUX-022]" time="0.040" /><testcase classname="tests.test_comprehensive" name="test_ui_ux_cases[TC-UIUX-023]" time="0.041" /><testcase classname="tests.test_comprehensive" name="test_ui_ux_cases[TC-UIUX-024]" time="0.040" /><testcase classname="tests.test_comprehensive" name="test_ui_ux_cases[TC-UIUX-025]" time="0.040" /><testcase classname="tests.test_comprehensive" name="test_ui_ux_cases[TC-UIUX-026]" time="0.041" /><testcase classname="tests.test_comprehensive" name="test_ui_ux_cases[TC-UIUX-027]" time="0.016" /><testcase classname="tests.test_comprehensive" name="test_ui_ux_cases[TC-UIUX-028]" time="0.044" /><testcase classname="tests.test_comprehensive" name="test_ui_ux_cases[TC-UIUX-029]" time="0.045" /><testcase classname="tests.test_comprehensive" name="test_ui_ux_cases[TC-UIUX-030]" time="0.040" /><testcase classname="tests.test_comprehensive" name="test_security_cases[TC-SEC-001]" time="0.497" /><testcase classname="tests.test_comprehensive" name="test_security_cases[TC-SEC-002]" time="0.268" /><testcase classname="tests.test_comprehensive" name="test_security_cases[TC-SEC-003]" time="0.246" /><testcase classname="tests.test_comprehensive" name="test_security_cases[TC-SEC-004]" time="0.252" /><testcase classname="tests.test_comprehensive" name="test_security_cases[TC-SEC-005]" time="0.261" /><testcase classname="tests.test_comprehensive" name="test_security_cases[TC-SEC-006]" time="0.261" /><testcase classname="tests.test_comprehensive" name="test_security_cases[TC-SEC-007]" time="0.252" /><testcase classname="tests.test_comprehensive" name="test_security_cases[TC-SEC-008]" time="0.344" /><testcase classname="tests.test_comprehensive" name="test_security_cases[TC-SEC-009]" time="0.238" /><testcase classname="tests.test_comprehensive" name="test_security_cases[TC-SEC-010]" time="0.250" /><testcase classname="tests.test_comprehensive" name="test_security_cases[TC-SEC-011]" time="0.238" /><testcase classname="tests.test_comprehensive" name="test_security_cases[TC-SEC-012]" time="0.246" /><testcase classname="tests.test_comprehensive" name="test_security_cases[TC-SEC-013]" time="0.252" /><testcase classname="tests.test_comprehensive" name="test_security_cases[TC-SEC-014]" time="0.265" /><testcase classname="tests.test_comprehensive" name="test_security_cases[TC-SEC-015]" time="0.252" /><testcase classname="tests.test_comprehensive" name="test_security_cases[TC-SEC-016]" time="0.275" /><testcase classname="tests.test_comprehensive" name="test_security_cases[TC-SEC-017]" time="0.239" /><testcase classname="tests.test_comprehensive" name="test_security_cases[TC-SEC-018]" time="0.255" /><testcase classname="tests.test_comprehensive" name="test_security_cases[TC-SEC-019]" time="0.233" /><testcase classname="tests.test_comprehensive" name="test_security_cases[TC-SEC-020]" time="0.238" /><testcase classname="tests.test_comprehensive" name="test_error_handling_cases[TC-ERR-001]" time="0.094" /><testcase classname="tests.test_comprehensive" name="test_error_handling_cases[TC-ERR-002]" time="0.087" /><testcase classname="tests.test_comprehensive" name="test_error_handling_cases[TC-ERR-003]" time="0.076" /><testcase classname="tests.test_comprehensive" name="test_error_handling_cases[TC-ERR-004]" time="0.077" /><testcase classname="tests.test_comprehensive" name="test_error_handling_cases[TC-ERR-005]" time="0.080" /><testcase classname="tests.test_comprehensive" name="test_error_handling_cases[TC-ERR-006]" time="0.081" /><testcase classname="tests.test_comprehensive" name="test_error_handling_cases[TC-ERR-007]" time="0.075" /><testcase classname="tests.test_comprehensive" name="test_error_handling_cases[TC-ERR-008]" time="0.079" /><testcase classname="tests.test_comprehensive" name="test_error_handling_cases[TC-ERR-009]" time="0.088" /><testcase classname="tests.test_comprehensive" name="test_error_handling_cases[TC-ERR-010]" time="0.077" /><testcase classname="tests.test_comprehensive" name="test_error_handling_cases[TC-ERR-011]" time="0.082" /><testcase classname="tests.test_comprehensive" name="test_error_handling_cases[TC-ERR-012]" time="0.083" /><testcase classname="tests.test_comprehensive" name="test_error_handling_cases[TC-ERR-013]" time="0.099" /><testcase classname="tests.test_comprehensive" name="test_error_handling_cases[TC-ERR-014]" time="0.084" /><testcase classname="tests.test_comprehensive" name="test_error_handling_cases[TC-ERR-015]" time="0.082" /><testcase classname="tests.test_comprehensive" name="test_error_handling_cases[TC-ERR-016]" time="0.082" /><testcase classname="tests.test_comprehensive" name="test_error_handling_cases[TC-ERR-017]" time="0.076" /><testcase classname="tests.test_comprehensive" name="test_error_handling_cases[TC-ERR-018]" time="0.083" /><testcase classname="tests.test_comprehensive" name="test_error_handling_cases[TC-ERR-019]" time="0.095" /><testcase classname="tests.test_comprehensive" name="test_error_handling_cases[TC-ERR-020]" time="0.083" /><testcase classname="tests.test_comprehensive" name="test_performance_cases[TC-PERF-001]" time="1.967" /><testcase classname="tests.test_comprehensive" name="test_performance_cases[TC-PERF-002]" time="0.259" /><testcase classname="tests.test_comprehensive" name="test_performance_cases[TC-PERF-003]" time="0.251" /><testcase classname="tests.test_comprehensive" name="test_performance_cases[TC-PERF-004]" time="0.252" /><testcase classname="tests.test_comprehensive" name="test_performance_cases[TC-PERF-005]" time="0.286" /><testcase classname="tests.test_comprehensive" name="test_performance_cases[TC-PERF-006]" time="0.261" /><testcase classname="tests.test_comprehensive" name="test_performance_cases[TC-PERF-007]" time="0.249" /><testcase classname="tests.test_comprehensive" name="test_performance_cases[TC-PERF-008]" time="0.279" /><testcase classname="tests.test_comprehensive" name="test_performance_cases[TC-PERF-009]" time="0.242" /><testcase classname="tests.test_comprehensive" name="test_performance_cases[TC-PERF-010]" time="0.303" /><testcase classname="tests.test_comprehensive" name="test_performance_cases[TC-PERF-011]" time="0.271" /><testcase classname="tests.test_comprehensive" name="test_performance_cases[TC-PERF-012]" time="0.291" /><testcase classname="tests.test_comprehensive" name="test_performance_cases[TC-PERF-013]" time="0.273" /><testcase classname="tests.test_comprehensive" name="test_performance_cases[TC-PERF-014]" time="0.270" /><testcase classname="tests.test_comprehensive" name="test_performance_cases[TC-PERF-015]" time="0.294" /><testcase classname="tests.test_comprehensive" name="test_performance_cases[TC-PERF-016]" time="0.258" /><testcase classname="tests.test_comprehensive" name="test_performance_cases[TC-PERF-017]" time="0.291" /><testcase classname="tests.test_comprehensive" name="test_performance_cases[TC-PERF-018]" time="0.261" /><testcase classname="tests.test_comprehensive" name="test_performance_cases[TC-PERF-019]" time="0.270" /><testcase classname="tests.test_comprehensive" name="test_performance_cases[TC-PERF-020]" time="0.366" /></testsuite></testsuites>