<?xml version="1.0" encoding="utf-8"?><testsuites><testsuite name="pytest" errors="0" failures="0" skipped="0" tests="3" time="12.066" timestamp="2026-06-18T17:47:16.085154" hostname="runnervm7b5n9"><testcase classname="tests.test_registration" name="test_valid_registration" time="5.146" /><testcase classname="tests.test_registration" name="test_registration_existing_user" time="5.019" /><testcase classname="tests.test_registration" name="test_registration_empty_fields" time="1.871" /></testsuite></testsuites>