<?xml version="1.0" encoding="utf-8"?><testsuites><testsuite name="pytest" errors="0" failures="1" skipped="0" tests="2" time="9.510" timestamp="2026-06-18T18:42:41.353835" hostname="runnervm7b5n9"><testcase classname="tests.test_profile" name="test_profile_loads" time="3.307"><failure message="assert 'Profile Management' in '&lt;html lang=&quot;en&quot;&gt;&lt;head&gt;\n    &lt;script type=&quot;module&quot;&gt;import { injectIntoGlobalHook } from &quot;/@react-refresh&quot;;\ninjectIntoGlobalHook(window);\nwindow.$RefreshReg$ = () =&gt; {};\nwindow.$RefreshSig$ = () =&gt; (type) =&gt; type;&lt;/script&gt;\n\n    &lt;script type=&quot;module&quot; src=&quot;/@vite/client&quot;&gt;&lt;/script&gt;\n\n    &lt;meta charset=&quot;UTF-8&quot;&gt;\n    &lt;link rel=&quot;icon&quot; type=&quot;image/svg+xml&quot; href=&quot;data:image/svg+xml,&amp;lt;svg xmlns=%22http://www.w3.org/2000/svg%22 viewBox=%220%22 width=%22100%22 height=%22100%22&amp;gt;&amp;lt;text y=%220.9em%22 font-size=%2290%22&amp;gt;#x1F9E0&amp;lt;/text&amp;gt;&amp;lt;/svg&amp;gt;&quot;&gt;\n    &lt;meta name=&quot;viewport&quot; content=&quot;width=device-width, initial-scale=1.0&quot;&gt;\n    &lt;title&gt;Neuro-Behavioral Drift | Cognitive Strain Monitor&lt;/title&gt;\n    &lt;!-- Google Fonts --&gt;\n    &lt;link rel=&quot;preconnect&quot; href=&quot;https://fonts.googleapis.com&quot;&gt;\n    &lt;link rel=&quot;preconnect&quot; href=&quot;https://fonts.gstatic.com&quot; crossorigin=&quot;&quot;&gt;\n    &lt;link href=&quot;https://fonts.googleapis.com/css2?family=Outfit:wght@300;400;500;600;700;800&amp;amp;family=Inter:wght@300;400;500;600;700&amp;amp;display=swap&quot; rel=&quot;stylesheet&quot;&gt;\n  &lt;style type=&quot;text/css&quot; data-vite-dev-id=&quot;/home/runner/work/neuro-behavioral-drift/neuro-behavioral-drift/frontend/src/index.css&quot;&gt;*, ::before, ::after {\n...&quot; class=&quot;lucide lucide-bell h-5 w-5&quot;&gt;&lt;path d=&quot;M6 8a6 6 0 0 1 12 0c0 7 3 9 3 9H3s3-2 3-9&quot;&gt;&lt;/path&gt;&lt;path d=&quot;M10.3 21a1.94 1.94 0 0 0 3.4 0&quot;&gt;&lt;/path&gt;&lt;/svg&gt;&lt;/a&gt;&lt;a class=&quot;flex items-center gap-2 bg-slate-900 border border-slate-800/80 rounded-xl px-3 py-1.5 text-xs font-medium text-slate-300 hover:text-white hover:border-slate-700 transition-colors&quot; href=&quot;/profile&quot;&gt;&lt;svg xmlns=&quot;http://www.w3.org/2000/svg&quot; width=&quot;24&quot; height=&quot;24&quot; viewBox=&quot;0 0 24 24&quot; fill=&quot;none&quot; stroke=&quot;currentColor&quot; stroke-width=&quot;2&quot; stroke-linecap=&quot;round&quot; stroke-linejoin=&quot;round&quot; class=&quot;lucide lucide-user h-3.5 w-3.5 text-accentBlue&quot;&gt;&lt;path d=&quot;M19 21v-2a4 4 0 0 0-4-4H9a4 4 0 0 0-4 4v2&quot;&gt;&lt;/path&gt;&lt;circle cx=&quot;12&quot; cy=&quot;7&quot; r=&quot;4&quot;&gt;&lt;/circle&gt;&lt;/svg&gt;&lt;span&gt;Test User&lt;/span&gt;&lt;/a&gt;&lt;/div&gt;&lt;/div&gt;&lt;/header&gt;&lt;main class=&quot;flex-grow w-full&quot;&gt;&lt;div class=&quot;flex justify-center items-center h-64 text-slate-400&quot;&gt;Loading Profile...&lt;/div&gt;&lt;/main&gt;&lt;footer class=&quot;border-t border-slate-900 bg-slate-950/20 py-4 text-center text-xs text-slate-600&quot;&gt;&lt;div class=&quot;container mx-auto&quot;&gt;© 2026 Neuro-Behavioral Drift Modeling Platform. Local secure processing sandbox active.&lt;/div&gt;&lt;/footer&gt;&lt;/div&gt;&lt;/div&gt;\n    &lt;script type=&quot;module&quot; src=&quot;/src/main.jsx&quot;&gt;&lt;/script&gt;\n  \n\n&lt;/body&gt;&lt;/html&gt;'&#10; +  where '&lt;html lang=&quot;en&quot;&gt;&lt;head&gt;\n    &lt;script type=&quot;module&quot;&gt;import { injectIntoGlobalHook } from &quot;/@react-refresh&quot;;\ninjectIntoGlobalHook(window);\nwindow.$RefreshReg$ = () =&gt; {};\nwindow.$RefreshSig$ = () =&gt; (type) =&gt; type;&lt;/script&gt;\n\n    &lt;script type=&quot;module&quot; src=&quot;/@vite/client&quot;&gt;&lt;/script&gt;\n\n    &lt;meta charset=&quot;UTF-8&quot;&gt;\n    &lt;link rel=&quot;icon&quot; type=&quot;image/svg+xml&quot; href=&quot;data:image/svg+xml,&amp;lt;svg xmlns=%22http://www.w3.org/2000/svg%22 viewBox=%220%22 width=%22100%22 height=%22100%22&amp;gt;&amp;lt;text y=%220.9em%22 font-size=%2290%22&amp;gt;#x1F9E0&amp;lt;/text&amp;gt;&amp;lt;/svg&amp;gt;&quot;&gt;\n    &lt;meta name=&quot;viewport&quot; content=&quot;width=device-width, initial-scale=1.0&quot;&gt;\n    &lt;title&gt;Neuro-Behavioral Drift | Cognitive Strain Monitor&lt;/title&gt;\n    &lt;!-- Google Fonts --&gt;\n    &lt;link rel=&quot;preconnect&quot; href=&quot;https://fonts.googleapis.com&quot;&gt;\n    &lt;link rel=&quot;preconnect&quot; href=&quot;https://fonts.gstatic.com&quot; crossorigin=&quot;&quot;&gt;\n    &lt;link href=&quot;https://fonts.googleapis.com/css2?family=Outfit:wght@300;400;500;600;700;800&amp;amp;family=Inter:wght@300;400;500;600;700&amp;amp;display=swap&quot; rel=&quot;stylesheet&quot;&gt;\n  &lt;style type=&quot;text/css&quot; data-vite-dev-id=&quot;/home/runner/work/neuro-behavioral-drift/neuro-behavioral-drift/frontend/src/index.css&quot;&gt;*, ::before, ::after {\n...&quot; class=&quot;lucide lucide-bell h-5 w-5&quot;&gt;&lt;path d=&quot;M6 8a6 6 0 0 1 12 0c0 7 3 9 3 9H3s3-2 3-9&quot;&gt;&lt;/path&gt;&lt;path d=&quot;M10.3 21a1.94 1.94 0 0 0 3.4 0&quot;&gt;&lt;/path&gt;&lt;/svg&gt;&lt;/a&gt;&lt;a class=&quot;flex items-center gap-2 bg-slate-900 border border-slate-800/80 rounded-xl px-3 py-1.5 text-xs font-medium text-slate-300 hover:text-white hover:border-slate-700 transition-colors&quot; href=&quot;/profile&quot;&gt;&lt;svg xmlns=&quot;http://www.w3.org/2000/svg&quot; width=&quot;24&quot; height=&quot;24&quot; viewBox=&quot;0 0 24 24&quot; fill=&quot;none&quot; stroke=&quot;currentColor&quot; stroke-width=&quot;2&quot; stroke-linecap=&quot;round&quot; stroke-linejoin=&quot;round&quot; class=&quot;lucide lucide-user h-3.5 w-3.5 text-accentBlue&quot;&gt;&lt;path d=&quot;M19 21v-2a4 4 0 0 0-4-4H9a4 4 0 0 0-4 4v2&quot;&gt;&lt;/path&gt;&lt;circle cx=&quot;12&quot; cy=&quot;7&quot; r=&quot;4&quot;&gt;&lt;/circle&gt;&lt;/svg&gt;&lt;span&gt;Test User&lt;/span&gt;&lt;/a&gt;&lt;/div&gt;&lt;/div&gt;&lt;/header&gt;&lt;main class=&quot;flex-grow w-full&quot;&gt;&lt;div class=&quot;flex justify-center items-center h-64 text-slate-400&quot;&gt;Loading Profile...&lt;/div&gt;&lt;/main&gt;&lt;footer class=&quot;border-t border-slate-900 bg-slate-950/20 py-4 text-center text-xs text-slate-600&quot;&gt;&lt;div class=&quot;container mx-auto&quot;&gt;© 2026 Neuro-Behavioral Drift Modeling Platform. Local secure processing sandbox active.&lt;/div&gt;&lt;/footer&gt;&lt;/div&gt;&lt;/div&gt;\n    &lt;script type=&quot;module&quot; src=&quot;/src/main.jsx&quot;&gt;&lt;/script&gt;\n  \n\n&lt;/body&gt;&lt;/html&gt;' = &lt;selenium.webdriver.chrome.webdriver.WebDriver (session=&quot;89473804dc02ff02337d94e78dd4fb18&quot;)&gt;.page_source">browser = &lt;selenium.webdriver.chrome.webdriver.WebDriver (session="89473804dc02ff02337d94e78dd4fb18")&gt;
login_helper = &lt;function login_helper.&lt;locals&gt;._login at 0x7f88249ecf40&gt;

    def test_profile_loads(browser, login_helper):
        """Test that the user can navigate to the profile page."""
        login_helper()
    
        # Click Profile icon in navbar
        profile_link = browser.find_element("xpath", "//a[@href='/profile']")
        profile_link.click()
        WebDriverWait(browser, 10).until(EC.url_contains("profile"))
&gt;       assert "Profile Management" in browser.page_source
E       assert 'Profile Management' in '&lt;html lang="en"&gt;&lt;head&gt;\n    &lt;script type="module"&gt;import { injectIntoGlobalHook } from "/@react-refresh";\ninjectIntoGlobalHook(window);\nwindow.$RefreshReg$ = () =&gt; {};\nwindow.$RefreshSig$ = () =&gt; (type) =&gt; type;&lt;/script&gt;\n\n    &lt;script type="module" src="/@vite/client"&gt;&lt;/script&gt;\n\n    &lt;meta charset="UTF-8"&gt;\n    &lt;link rel="icon" type="image/svg+xml" href="data:image/svg+xml,&amp;lt;svg xmlns=%22http://www.w3.org/2000/svg%22 viewBox=%220%22 width=%22100%22 height=%22100%22&amp;gt;&amp;lt;text y=%220.9em%22 font-size=%2290%22&amp;gt;#x1F9E0&amp;lt;/text&amp;gt;&amp;lt;/svg&amp;gt;"&gt;\n    &lt;meta name="viewport" content="width=device-width, initial-scale=1.0"&gt;\n    &lt;title&gt;Neuro-Behavioral Drift | Cognitive Strain Monitor&lt;/title&gt;\n    &lt;!-- Google Fonts --&gt;\n    &lt;link rel="preconnect" href="https://fonts.googleapis.com"&gt;\n    &lt;link rel="preconnect" href="https://fonts.gstatic.com" crossorigin=""&gt;\n    &lt;link href="https://fonts.googleapis.com/css2?family=Outfit:wght@300;400;500;600;700;800&amp;amp;family=Inter:wght@300;400;500;600;700&amp;amp;display=swap" rel="stylesheet"&gt;\n  &lt;style type="text/css" data-vite-dev-id="/home/runner/work/neuro-behavioral-drift/neuro-behavioral-drift/frontend/src/index.css"&gt;*, ::before, ::after {\n..." class="lucide lucide-bell h-5 w-5"&gt;&lt;path d="M6 8a6 6 0 0 1 12 0c0 7 3 9 3 9H3s3-2 3-9"&gt;&lt;/path&gt;&lt;path d="M10.3 21a1.94 1.94 0 0 0 3.4 0"&gt;&lt;/path&gt;&lt;/svg&gt;&lt;/a&gt;&lt;a class="flex items-center gap-2 bg-slate-900 border border-slate-800/80 rounded-xl px-3 py-1.5 text-xs font-medium text-slate-300 hover:text-white hover:border-slate-700 transition-colors" href="/profile"&gt;&lt;svg xmlns="http://www.w3.org/2000/svg" width="24" height="24" viewBox="0 0 24 24" fill="none" stroke="currentColor" stroke-width="2" stroke-linecap="round" stroke-linejoin="round" class="lucide lucide-user h-3.5 w-3.5 text-accentBlue"&gt;&lt;path d="M19 21v-2a4 4 0 0 0-4-4H9a4 4 0 0 0-4 4v2"&gt;&lt;/path&gt;&lt;circle cx="12" cy="7" r="4"&gt;&lt;/circle&gt;&lt;/svg&gt;&lt;span&gt;Test User&lt;/span&gt;&lt;/a&gt;&lt;/div&gt;&lt;/div&gt;&lt;/header&gt;&lt;main class="flex-grow w-full"&gt;&lt;div class="flex justify-center items-center h-64 text-slate-400"&gt;Loading Profile...&lt;/div&gt;&lt;/main&gt;&lt;footer class="border-t border-slate-900 bg-slate-950/20 py-4 text-center text-xs text-slate-600"&gt;&lt;div class="container mx-auto"&gt;© 2026 Neuro-Behavioral Drift Modeling Platform. Local secure processing sandbox active.&lt;/div&gt;&lt;/footer&gt;&lt;/div&gt;&lt;/div&gt;\n    &lt;script type="module" src="/src/main.jsx"&gt;&lt;/script&gt;\n  \n\n&lt;/body&gt;&lt;/html&gt;'
E        +  where '&lt;html lang="en"&gt;&lt;head&gt;\n    &lt;script type="module"&gt;import { injectIntoGlobalHook } from "/@react-refresh";\ninjectIntoGlobalHook(window);\nwindow.$RefreshReg$ = () =&gt; {};\nwindow.$RefreshSig$ = () =&gt; (type) =&gt; type;&lt;/script&gt;\n\n    &lt;script type="module" src="/@vite/client"&gt;&lt;/script&gt;\n\n    &lt;meta charset="UTF-8"&gt;\n    &lt;link rel="icon" type="image/svg+xml" href="data:image/svg+xml,&amp;lt;svg xmlns=%22http://www.w3.org/2000/svg%22 viewBox=%220%22 width=%22100%22 height=%22100%22&amp;gt;&amp;lt;text y=%220.9em%22 font-size=%2290%22&amp;gt;#x1F9E0&amp;lt;/text&amp;gt;&amp;lt;/svg&amp;gt;"&gt;\n    &lt;meta name="viewport" content="width=device-width, initial-scale=1.0"&gt;\n    &lt;title&gt;Neuro-Behavioral Drift | Cognitive Strain Monitor&lt;/title&gt;\n    &lt;!-- Google Fonts --&gt;\n    &lt;link rel="preconnect" href="https://fonts.googleapis.com"&gt;\n    &lt;link rel="preconnect" href="https://fonts.gstatic.com" crossorigin=""&gt;\n    &lt;link href="https://fonts.googleapis.com/css2?family=Outfit:wght@300;400;500;600;700;800&amp;amp;family=Inter:wght@300;400;500;600;700&amp;amp;display=swap" rel="stylesheet"&gt;\n  &lt;style type="text/css" data-vite-dev-id="/home/runner/work/neuro-behavioral-drift/neuro-behavioral-drift/frontend/src/index.css"&gt;*, ::before, ::after {\n..." class="lucide lucide-bell h-5 w-5"&gt;&lt;path d="M6 8a6 6 0 0 1 12 0c0 7 3 9 3 9H3s3-2 3-9"&gt;&lt;/path&gt;&lt;path d="M10.3 21a1.94 1.94 0 0 0 3.4 0"&gt;&lt;/path&gt;&lt;/svg&gt;&lt;/a&gt;&lt;a class="flex items-center gap-2 bg-slate-900 border border-slate-800/80 rounded-xl px-3 py-1.5 text-xs font-medium text-slate-300 hover:text-white hover:border-slate-700 transition-colors" href="/profile"&gt;&lt;svg xmlns="http://www.w3.org/2000/svg" width="24" height="24" viewBox="0 0 24 24" fill="none" stroke="currentColor" stroke-width="2" stroke-linecap="round" stroke-linejoin="round" class="lucide lucide-user h-3.5 w-3.5 text-accentBlue"&gt;&lt;path d="M19 21v-2a4 4 0 0 0-4-4H9a4 4 0 0 0-4 4v2"&gt;&lt;/path&gt;&lt;circle cx="12" cy="7" r="4"&gt;&lt;/circle&gt;&lt;/svg&gt;&lt;span&gt;Test User&lt;/span&gt;&lt;/a&gt;&lt;/div&gt;&lt;/div&gt;&lt;/header&gt;&lt;main class="flex-grow w-full"&gt;&lt;div class="flex justify-center items-center h-64 text-slate-400"&gt;Loading Profile...&lt;/div&gt;&lt;/main&gt;&lt;footer class="border-t border-slate-900 bg-slate-950/20 py-4 text-center text-xs text-slate-600"&gt;&lt;div class="container mx-auto"&gt;© 2026 Neuro-Behavioral Drift Modeling Platform. Local secure processing sandbox active.&lt;/div&gt;&lt;/footer&gt;&lt;/div&gt;&lt;/div&gt;\n    &lt;script type="module" src="/src/main.jsx"&gt;&lt;/script&gt;\n  \n\n&lt;/body&gt;&lt;/html&gt;' = &lt;selenium.webdriver.chrome.webdriver.WebDriver (session="89473804dc02ff02337d94e78dd4fb18")&gt;.page_source

tests/test_profile.py:13: AssertionError</failure></testcase><testcase classname="tests.test_profile" name="test_edit_profile" time="5.993" /></testsuite></testsuites>