<?xml version="1.0" encoding="utf-8"?><testsuites><testsuite name="pytest" errors="0" failures="0" skipped="0" tests="3" time="13.139" timestamp="2026-06-18T18:25:49.901468" hostname="runnervm7b5n9"><testcase classname="tests.test_prediction" name="test_transmit_metrics_success" time="4.375" /><testcase classname="tests.test_prediction" name="test_cognitive_strain_prediction" time="4.352" /><testcase classname="tests.test_prediction" name="test_behavioral_drift_score" time="4.384" /></testsuite></testsuites>