<?xml version='1.0' encoding='utf-8'?>
<testsuites tests="517" failures="20" errors="0" skipped="0" time="1078.322"><testsuite name="pytest" errors="0" failures="3" skipped="0" tests="12" time="51.903" timestamp="2026-06-14T11:11:12.372675" hostname="runnervm1li68"><testcase classname="tests.test_dashboard" name="test_dashboard_loads" time="13.307"><failure message="selenium.common.exceptions.NoSuchElementException: Message: no such element: Unable to locate element: {&quot;method&quot;:&quot;xpath&quot;,&quot;selector&quot;:&quot;//input[@placeholder='Enter username']&quot;}&#10;  (Session info: chrome=149.0.7827.114); For documentation on this error, please visit: https://www.selenium.dev/documentation/webdriver/troubleshooting/errors#nosuchelementexception&#10;Stacktrace:&#10;#0 0x5624da87380a &lt;unknown&gt;&#10;#1 0x5624da256289 &lt;unknown&gt;&#10;#2 0x5624da2aa9b4 &lt;unknown&gt;&#10;#3 0x5624da2aac01 &lt;unknown&gt;&#10;#4 0x5624da2f5874 &lt;unknown&gt;&#10;#5 0x5624da2f2a4c &lt;unknown&gt;&#10;#6 0x5624da29df7f &lt;unknown&gt;&#10;#7 0x5624da29ed61 &lt;unknown&gt;&#10;#8 0x5624da83a0f7 &lt;unknown&gt;&#10;#9 0x5624da8388bd &lt;unknown&gt;&#10;#10 0x5624da8235a6 &lt;unknown&gt;&#10;#11 0x5624da83949a &lt;unknown&gt;&#10;#12 0x5624da80b560 &lt;unknown&gt;&#10;#13 0x5624da860288 &lt;unknown&gt;&#10;#14 0x5624da860425 &lt;unknown&gt;&#10;#15 0x5624da87238e &lt;unknown&gt;&#10;#16 0x7f419d69caa4 &lt;unknown&gt;&#10;#17 0x7f419d729c6c &lt;unknown&gt;">browser = &lt;selenium.webdriver.chrome.webdriver.WebDriver (session="3a57061da7ea14ed873874337d9a95e3")&gt;
login_helper = &lt;function login_helper.&lt;locals&gt;._login at 0x7fca0d6a9da0&gt;

    def test_dashboard_loads(browser, login_helper):
        """Verify that the dashboard main elements render correctly."""
&gt;       login_helper()

tests/test_dashboard.py:5: 
_ _ _ _ _ _ _ _ _ _ _ _ _ _ _ _ _ _ _ _ _ _ _ _ _ _ _ _ _ _ _ _ _ _ _ _ _ _ _ _ 
tests/conftest.py:87: in _login
    username_input = browser.find_element("xpath", "//input[@placeholder='Enter username']")
/opt/hostedtoolcache/Python/3.11.15/x64/lib/python3.11/site-packages/selenium/webdriver/remote/webdriver.py:868: in find_element
    return self.execute(Command.FIND_ELEMENT, {"using": by, "value": value})["value"]
/opt/hostedtoolcache/Python/3.11.15/x64/lib/python3.11/site-packages/selenium/webdriver/remote/webdriver.py:468: in execute
    self.error_handler.check_response(response)
_ _ _ _ _ _ _ _ _ _ _ _ _ _ _ _ _ _ _ _ _ _ _ _ _ _ _ _ _ _ _ _ _ _ _ _ _ _ _ _ 

self = &lt;selenium.webdriver.remote.errorhandler.ErrorHandler object at 0x7fca0d2ea090&gt;
response = {'status': 404, 'value': '{"value":{"error":"no such element","message":"no such element: Unable to locate element: {\...\\n#15 0x5624da87238e \\u003Cunknown&gt;\\n#16 0x7f419d69caa4 \\u003Cunknown&gt;\\n#17 0x7f419d729c6c \\u003Cunknown&gt;\\n"}}'}

    def check_response(self, response: dict[str, Any]) -&gt; None:
        """Check that a JSON response from the WebDriver does not have an error.
    
        Args:
            response: The JSON response from the WebDriver server as a dictionary
                object.
    
        Raises:
            WebDriverException: If the response contains an error message.
        """
        status = response.get("status", None)
        if not status or status == ErrorCode.SUCCESS:
            return
        value = None
        message = response.get("message", "")
        screen: str = response.get("screen", "")
        stacktrace = None
        if isinstance(status, int):
            value_json = response.get("value", None)
            if value_json and isinstance(value_json, str):
                try:
                    value = json.loads(value_json)
                    if isinstance(value, dict):
                        if len(value) == 1:
                            value = value["value"]
                        status = value.get("error", None)
                        if not status:
                            status = value.get("status", ErrorCode.UNKNOWN_ERROR)
                            message = value.get("value") or value.get("message")
                            if not isinstance(message, str):
                                value = message
                                message = message.get("message") if isinstance(message, dict) else None
                        else:
                            message = value.get("message", None)
                except ValueError:
                    pass
    
        exception_class: type[WebDriverException]
        e = ErrorCode()
        error_codes = [item for item in dir(e) if not item.startswith("__")]
        for error_code in error_codes:
            error_info = getattr(ErrorCode, error_code)
            if isinstance(error_info, list) and status in error_info:
                exception_class = getattr(ExceptionMapping, error_code, WebDriverException)
                break
        else:
            exception_class = WebDriverException
    
        if not value:
            value = response["value"]
        if isinstance(value, str):
            raise exception_class(value)
        if message == "" and "message" in value:
            message = value["message"]
    
        screen = None  # type: ignore[assignment]
        if "screen" in value:
            screen = value["screen"]
    
        stacktrace = None
        st_value = value.get("stackTrace") or value.get("stacktrace")
        if st_value:
            if isinstance(st_value, str):
                stacktrace = st_value.split("\n")
            else:
                stacktrace = []
                try:
                    for frame in st_value:
                        line = frame.get("lineNumber", "")
                        file = frame.get("fileName", "&lt;anonymous&gt;")
                        if line:
                            file = f"{file}:{line}"
                        meth = frame.get("methodName", "&lt;anonymous&gt;")
                        if "className" in frame:
                            meth = f"{frame['className']}.{meth}"
                        msg = "    at %s (%s)"
                        msg = msg % (meth, file)
                        stacktrace.append(msg)
                except TypeError:
                    pass
        if exception_class == UnexpectedAlertPresentException:
            alert_text = None
            if "data" in value:
                alert_text = value["data"].get("text")
            elif "alert" in value:
                alert_text = value["alert"].get("text")
            raise exception_class(message, screen, stacktrace, alert_text)
&gt;       raise exception_class(message, screen, stacktrace)
E       selenium.common.exceptions.NoSuchElementException: Message: no such element: Unable to locate element: {"method":"xpath","selector":"//input[@placeholder='Enter username']"}
E         (Session info: chrome=149.0.7827.114); For documentation on this error, please visit: https://www.selenium.dev/documentation/webdriver/troubleshooting/errors#nosuchelementexception
E       Stacktrace:
E       #0 0x5624da87380a &lt;unknown&gt;
E       #1 0x5624da256289 &lt;unknown&gt;
E       #2 0x5624da2aa9b4 &lt;unknown&gt;
E       #3 0x5624da2aac01 &lt;unknown&gt;
E       #4 0x5624da2f5874 &lt;unknown&gt;
E       #5 0x5624da2f2a4c &lt;unknown&gt;
E       #6 0x5624da29df7f &lt;unknown&gt;
E       #7 0x5624da29ed61 &lt;unknown&gt;
E       #8 0x5624da83a0f7 &lt;unknown&gt;
E       #9 0x5624da8388bd &lt;unknown&gt;
E       #10 0x5624da8235a6 &lt;unknown&gt;
E       #11 0x5624da83949a &lt;unknown&gt;
E       #12 0x5624da80b560 &lt;unknown&gt;
E       #13 0x5624da860288 &lt;unknown&gt;
E       #14 0x5624da860425 &lt;unknown&gt;
E       #15 0x5624da87238e &lt;unknown&gt;
E       #16 0x7f419d69caa4 &lt;unknown&gt;
E       #17 0x7f419d729c6c &lt;unknown&gt;

/opt/hostedtoolcache/Python/3.11.15/x64/lib/python3.11/site-packages/selenium/webdriver/remote/errorhandler.py:232: NoSuchElementException</failure></testcase><testcase classname="tests.test_dashboard" name="test_user_profile_display" time="1.160" /><testcase classname="tests.test_dashboard" name="test_dashboard_stats_exist" time="1.106" /><testcase classname="tests.test_dashboard" name="test_retrain_model_button" time="1.728" /><testcase classname="tests.test_dashboard" name="test_dashboard_loads" time="13.307"><failure message="selenium.common.exceptions.NoSuchElementException: Message: no such element: Unable to locate element: {&quot;method&quot;:&quot;xpath&quot;,&quot;selector&quot;:&quot;//input[@placeholder='Enter username']&quot;}&#10;  (Session info: chrome=149.0.7827.114); For documentation on this error, please visit: https://www.selenium.dev/documentation/webdriver/troubleshooting/errors#nosuchelementexception&#10;Stacktrace:&#10;#0 0x5624da87380a &lt;unknown&gt;&#10;#1 0x5624da256289 &lt;unknown&gt;&#10;#2 0x5624da2aa9b4 &lt;unknown&gt;&#10;#3 0x5624da2aac01 &lt;unknown&gt;&#10;#4 0x5624da2f5874 &lt;unknown&gt;&#10;#5 0x5624da2f2a4c &lt;unknown&gt;&#10;#6 0x5624da29df7f &lt;unknown&gt;&#10;#7 0x5624da29ed61 &lt;unknown&gt;&#10;#8 0x5624da83a0f7 &lt;unknown&gt;&#10;#9 0x5624da8388bd &lt;unknown&gt;&#10;#10 0x5624da8235a6 &lt;unknown&gt;&#10;#11 0x5624da83949a &lt;unknown&gt;&#10;#12 0x5624da80b560 &lt;unknown&gt;&#10;#13 0x5624da860288 &lt;unknown&gt;&#10;#14 0x5624da860425 &lt;unknown&gt;&#10;#15 0x5624da87238e &lt;unknown&gt;&#10;#16 0x7f419d69caa4 &lt;unknown&gt;&#10;#17 0x7f419d729c6c &lt;unknown&gt;">browser = &lt;selenium.webdriver.chrome.webdriver.WebDriver (session="3a57061da7ea14ed873874337d9a95e3")&gt;
login_helper = &lt;function login_helper.&lt;locals&gt;._login at 0x7fca0d6a9da0&gt;

    def test_dashboard_loads(browser, login_helper):
        """Verify that the dashboard main elements render correctly."""
&gt;       login_helper()

tests/test_dashboard.py:5: 
_ _ _ _ _ _ _ _ _ _ _ _ _ _ _ _ _ _ _ _ _ _ _ _ _ _ _ _ _ _ _ _ _ _ _ _ _ _ _ _ 
tests/conftest.py:87: in _login
    username_input = browser.find_element("xpath", "//input[@placeholder='Enter username']")
/opt/hostedtoolcache/Python/3.11.15/x64/lib/python3.11/site-packages/selenium/webdriver/remote/webdriver.py:868: in find_element
    return self.execute(Command.FIND_ELEMENT, {"using": by, "value": value})["value"]
/opt/hostedtoolcache/Python/3.11.15/x64/lib/python3.11/site-packages/selenium/webdriver/remote/webdriver.py:468: in execute
    self.error_handler.check_response(response)
_ _ _ _ _ _ _ _ _ _ _ _ _ _ _ _ _ _ _ _ _ _ _ _ _ _ _ _ _ _ _ _ _ _ _ _ _ _ _ _ 

self = &lt;selenium.webdriver.remote.errorhandler.ErrorHandler object at 0x7fca0d2ea090&gt;
response = {'status': 404, 'value': '{"value":{"error":"no such element","message":"no such element: Unable to locate element: {\...\\n#15 0x5624da87238e \\u003Cunknown&gt;\\n#16 0x7f419d69caa4 \\u003Cunknown&gt;\\n#17 0x7f419d729c6c \\u003Cunknown&gt;\\n"}}'}

    def check_response(self, response: dict[str, Any]) -&gt; None:
        """Check that a JSON response from the WebDriver does not have an error.
    
        Args:
            response: The JSON response from the WebDriver server as a dictionary
                object.
    
        Raises:
            WebDriverException: If the response contains an error message.
        """
        status = response.get("status", None)
        if not status or status == ErrorCode.SUCCESS:
            return
        value = None
        message = response.get("message", "")
        screen: str = response.get("screen", "")
        stacktrace = None
        if isinstance(status, int):
            value_json = response.get("value", None)
            if value_json and isinstance(value_json, str):
                try:
                    value = json.loads(value_json)
                    if isinstance(value, dict):
                        if len(value) == 1:
                            value = value["value"]
                        status = value.get("error", None)
                        if not status:
                            status = value.get("status", ErrorCode.UNKNOWN_ERROR)
                            message = value.get("value") or value.get("message")
                            if not isinstance(message, str):
                                value = message
                                message = message.get("message") if isinstance(message, dict) else None
                        else:
                            message = value.get("message", None)
                except ValueError:
                    pass
    
        exception_class: type[WebDriverException]
        e = ErrorCode()
        error_codes = [item for item in dir(e) if not item.startswith("__")]
        for error_code in error_codes:
            error_info = getattr(ErrorCode, error_code)
            if isinstance(error_info, list) and status in error_info:
                exception_class = getattr(ExceptionMapping, error_code, WebDriverException)
                break
        else:
            exception_class = WebDriverException
    
        if not value:
            value = response["value"]
        if isinstance(value, str):
            raise exception_class(value)
        if message == "" and "message" in value:
            message = value["message"]
    
        screen = None  # type: ignore[assignment]
        if "screen" in value:
            screen = value["screen"]
    
        stacktrace = None
        st_value = value.get("stackTrace") or value.get("stacktrace")
        if st_value:
            if isinstance(st_value, str):
                stacktrace = st_value.split("\n")
            else:
                stacktrace = []
                try:
                    for frame in st_value:
                        line = frame.get("lineNumber", "")
                        file = frame.get("fileName", "&lt;anonymous&gt;")
                        if line:
                            file = f"{file}:{line}"
                        meth = frame.get("methodName", "&lt;anonymous&gt;")
                        if "className" in frame:
                            meth = f"{frame['className']}.{meth}"
                        msg = "    at %s (%s)"
                        msg = msg % (meth, file)
                        stacktrace.append(msg)
                except TypeError:
                    pass
        if exception_class == UnexpectedAlertPresentException:
            alert_text = None
            if "data" in value:
                alert_text = value["data"].get("text")
            elif "alert" in value:
                alert_text = value["alert"].get("text")
            raise exception_class(message, screen, stacktrace, alert_text)
&gt;       raise exception_class(message, screen, stacktrace)
E       selenium.common.exceptions.NoSuchElementException: Message: no such element: Unable to locate element: {"method":"xpath","selector":"//input[@placeholder='Enter username']"}
E         (Session info: chrome=149.0.7827.114); For documentation on this error, please visit: https://www.selenium.dev/documentation/webdriver/troubleshooting/errors#nosuchelementexception
E       Stacktrace:
E       #0 0x5624da87380a &lt;unknown&gt;
E       #1 0x5624da256289 &lt;unknown&gt;
E       #2 0x5624da2aa9b4 &lt;unknown&gt;
E       #3 0x5624da2aac01 &lt;unknown&gt;
E       #4 0x5624da2f5874 &lt;unknown&gt;
E       #5 0x5624da2f2a4c &lt;unknown&gt;
E       #6 0x5624da29df7f &lt;unknown&gt;
E       #7 0x5624da29ed61 &lt;unknown&gt;
E       #8 0x5624da83a0f7 &lt;unknown&gt;
E       #9 0x5624da8388bd &lt;unknown&gt;
E       #10 0x5624da8235a6 &lt;unknown&gt;
E       #11 0x5624da83949a &lt;unknown&gt;
E       #12 0x5624da80b560 &lt;unknown&gt;
E       #13 0x5624da860288 &lt;unknown&gt;
E       #14 0x5624da860425 &lt;unknown&gt;
E       #15 0x5624da87238e &lt;unknown&gt;
E       #16 0x7f419d69caa4 &lt;unknown&gt;
E       #17 0x7f419d729c6c &lt;unknown&gt;

/opt/hostedtoolcache/Python/3.11.15/x64/lib/python3.11/site-packages/selenium/webdriver/remote/errorhandler.py:232: NoSuchElementException</failure></testcase><testcase classname="tests.test_dashboard" name="test_user_profile_display" time="1.160" /><testcase classname="tests.test_dashboard" name="test_dashboard_stats_exist" time="1.106" /><testcase classname="tests.test_dashboard" name="test_retrain_model_button" time="1.728" /><testcase classname="tests.test_dashboard" name="test_dashboard_loads" time="13.307"><failure message="selenium.common.exceptions.NoSuchElementException: Message: no such element: Unable to locate element: {&quot;method&quot;:&quot;xpath&quot;,&quot;selector&quot;:&quot;//input[@placeholder='Enter username']&quot;}&#10;  (Session info: chrome=149.0.7827.114); For documentation on this error, please visit: https://www.selenium.dev/documentation/webdriver/troubleshooting/errors#nosuchelementexception&#10;Stacktrace:&#10;#0 0x5624da87380a &lt;unknown&gt;&#10;#1 0x5624da256289 &lt;unknown&gt;&#10;#2 0x5624da2aa9b4 &lt;unknown&gt;&#10;#3 0x5624da2aac01 &lt;unknown&gt;&#10;#4 0x5624da2f5874 &lt;unknown&gt;&#10;#5 0x5624da2f2a4c &lt;unknown&gt;&#10;#6 0x5624da29df7f &lt;unknown&gt;&#10;#7 0x5624da29ed61 &lt;unknown&gt;&#10;#8 0x5624da83a0f7 &lt;unknown&gt;&#10;#9 0x5624da8388bd &lt;unknown&gt;&#10;#10 0x5624da8235a6 &lt;unknown&gt;&#10;#11 0x5624da83949a &lt;unknown&gt;&#10;#12 0x5624da80b560 &lt;unknown&gt;&#10;#13 0x5624da860288 &lt;unknown&gt;&#10;#14 0x5624da860425 &lt;unknown&gt;&#10;#15 0x5624da87238e &lt;unknown&gt;&#10;#16 0x7f419d69caa4 &lt;unknown&gt;&#10;#17 0x7f419d729c6c &lt;unknown&gt;">browser = &lt;selenium.webdriver.chrome.webdriver.WebDriver (session="3a57061da7ea14ed873874337d9a95e3")&gt;
login_helper = &lt;function login_helper.&lt;locals&gt;._login at 0x7fca0d6a9da0&gt;

    def test_dashboard_loads(browser, login_helper):
        """Verify that the dashboard main elements render correctly."""
&gt;       login_helper()

tests/test_dashboard.py:5: 
_ _ _ _ _ _ _ _ _ _ _ _ _ _ _ _ _ _ _ _ _ _ _ _ _ _ _ _ _ _ _ _ _ _ _ _ _ _ _ _ 
tests/conftest.py:87: in _login
    username_input = browser.find_element("xpath", "//input[@placeholder='Enter username']")
/opt/hostedtoolcache/Python/3.11.15/x64/lib/python3.11/site-packages/selenium/webdriver/remote/webdriver.py:868: in find_element
    return self.execute(Command.FIND_ELEMENT, {"using": by, "value": value})["value"]
/opt/hostedtoolcache/Python/3.11.15/x64/lib/python3.11/site-packages/selenium/webdriver/remote/webdriver.py:468: in execute
    self.error_handler.check_response(response)
_ _ _ _ _ _ _ _ _ _ _ _ _ _ _ _ _ _ _ _ _ _ _ _ _ _ _ _ _ _ _ _ _ _ _ _ _ _ _ _ 

self = &lt;selenium.webdriver.remote.errorhandler.ErrorHandler object at 0x7fca0d2ea090&gt;
response = {'status': 404, 'value': '{"value":{"error":"no such element","message":"no such element: Unable to locate element: {\...\\n#15 0x5624da87238e \\u003Cunknown&gt;\\n#16 0x7f419d69caa4 \\u003Cunknown&gt;\\n#17 0x7f419d729c6c \\u003Cunknown&gt;\\n"}}'}

    def check_response(self, response: dict[str, Any]) -&gt; None:
        """Check that a JSON response from the WebDriver does not have an error.
    
        Args:
            response: The JSON response from the WebDriver server as a dictionary
                object.
    
        Raises:
            WebDriverException: If the response contains an error message.
        """
        status = response.get("status", None)
        if not status or status == ErrorCode.SUCCESS:
            return
        value = None
        message = response.get("message", "")
        screen: str = response.get("screen", "")
        stacktrace = None
        if isinstance(status, int):
            value_json = response.get("value", None)
            if value_json and isinstance(value_json, str):
                try:
                    value = json.loads(value_json)
                    if isinstance(value, dict):
                        if len(value) == 1:
                            value = value["value"]
                        status = value.get("error", None)
                        if not status:
                            status = value.get("status", ErrorCode.UNKNOWN_ERROR)
                            message = value.get("value") or value.get("message")
                            if not isinstance(message, str):
                                value = message
                                message = message.get("message") if isinstance(message, dict) else None
                        else:
                            message = value.get("message", None)
                except ValueError:
                    pass
    
        exception_class: type[WebDriverException]
        e = ErrorCode()
        error_codes = [item for item in dir(e) if not item.startswith("__")]
        for error_code in error_codes:
            error_info = getattr(ErrorCode, error_code)
            if isinstance(error_info, list) and status in error_info:
                exception_class = getattr(ExceptionMapping, error_code, WebDriverException)
                break
        else:
            exception_class = WebDriverException
    
        if not value:
            value = response["value"]
        if isinstance(value, str):
            raise exception_class(value)
        if message == "" and "message" in value:
            message = value["message"]
    
        screen = None  # type: ignore[assignment]
        if "screen" in value:
            screen = value["screen"]
    
        stacktrace = None
        st_value = value.get("stackTrace") or value.get("stacktrace")
        if st_value:
            if isinstance(st_value, str):
                stacktrace = st_value.split("\n")
            else:
                stacktrace = []
                try:
                    for frame in st_value:
                        line = frame.get("lineNumber", "")
                        file = frame.get("fileName", "&lt;anonymous&gt;")
                        if line:
                            file = f"{file}:{line}"
                        meth = frame.get("methodName", "&lt;anonymous&gt;")
                        if "className" in frame:
                            meth = f"{frame['className']}.{meth}"
                        msg = "    at %s (%s)"
                        msg = msg % (meth, file)
                        stacktrace.append(msg)
                except TypeError:
                    pass
        if exception_class == UnexpectedAlertPresentException:
            alert_text = None
            if "data" in value:
                alert_text = value["data"].get("text")
            elif "alert" in value:
                alert_text = value["alert"].get("text")
            raise exception_class(message, screen, stacktrace, alert_text)
&gt;       raise exception_class(message, screen, stacktrace)
E       selenium.common.exceptions.NoSuchElementException: Message: no such element: Unable to locate element: {"method":"xpath","selector":"//input[@placeholder='Enter username']"}
E         (Session info: chrome=149.0.7827.114); For documentation on this error, please visit: https://www.selenium.dev/documentation/webdriver/troubleshooting/errors#nosuchelementexception
E       Stacktrace:
E       #0 0x5624da87380a &lt;unknown&gt;
E       #1 0x5624da256289 &lt;unknown&gt;
E       #2 0x5624da2aa9b4 &lt;unknown&gt;
E       #3 0x5624da2aac01 &lt;unknown&gt;
E       #4 0x5624da2f5874 &lt;unknown&gt;
E       #5 0x5624da2f2a4c &lt;unknown&gt;
E       #6 0x5624da29df7f &lt;unknown&gt;
E       #7 0x5624da29ed61 &lt;unknown&gt;
E       #8 0x5624da83a0f7 &lt;unknown&gt;
E       #9 0x5624da8388bd &lt;unknown&gt;
E       #10 0x5624da8235a6 &lt;unknown&gt;
E       #11 0x5624da83949a &lt;unknown&gt;
E       #12 0x5624da80b560 &lt;unknown&gt;
E       #13 0x5624da860288 &lt;unknown&gt;
E       #14 0x5624da860425 &lt;unknown&gt;
E       #15 0x5624da87238e &lt;unknown&gt;
E       #16 0x7f419d69caa4 &lt;unknown&gt;
E       #17 0x7f419d729c6c &lt;unknown&gt;

/opt/hostedtoolcache/Python/3.11.15/x64/lib/python3.11/site-packages/selenium/webdriver/remote/errorhandler.py:232: NoSuchElementException</failure></testcase><testcase classname="tests.test_dashboard" name="test_user_profile_display" time="1.160" /><testcase classname="tests.test_dashboard" name="test_dashboard_stats_exist" time="1.106" /><testcase classname="tests.test_dashboard" name="test_retrain_model_button" time="1.728" /></testsuite><testsuite name="pytest" errors="0" failures="3" skipped="0" tests="3" time="31.95" timestamp="2026-06-14T11:17:36.610073" hostname="runnervm1li68"><testcase classname="tests.test_e2e" name="test_full_e2e_flow" time="10.650"><failure message="selenium.common.exceptions.NoSuchElementException: Message: no such element: Unable to locate element: {&quot;method&quot;:&quot;css selector&quot;,&quot;selector&quot;:&quot;[id=&quot;fullName&quot;]&quot;}&#10;  (Session info: chrome=149.0.7827.114); For documentation on this error, please visit: https://www.selenium.dev/documentation/webdriver/troubleshooting/errors#nosuchelementexception&#10;Stacktrace:&#10;#0 0x55b2bc18480a &lt;unknown&gt;&#10;#1 0x55b2bbb67289 &lt;unknown&gt;&#10;#2 0x55b2bbbbb9b4 &lt;unknown&gt;&#10;#3 0x55b2bbbbbc01 &lt;unknown&gt;&#10;#4 0x55b2bbc06874 &lt;unknown&gt;&#10;#5 0x55b2bbc03a4c &lt;unknown&gt;&#10;#6 0x55b2bbbaef7f &lt;unknown&gt;&#10;#7 0x55b2bbbafd61 &lt;unknown&gt;&#10;#8 0x55b2bc14b0f7 &lt;unknown&gt;&#10;#9 0x55b2bc1498bd &lt;unknown&gt;&#10;#10 0x55b2bc1345a6 &lt;unknown&gt;&#10;#11 0x55b2bc14a49a &lt;unknown&gt;&#10;#12 0x55b2bc11c560 &lt;unknown&gt;&#10;#13 0x55b2bc171288 &lt;unknown&gt;&#10;#14 0x55b2bc171425 &lt;unknown&gt;&#10;#15 0x55b2bc18338e &lt;unknown&gt;&#10;#16 0x7f4c8a69caa4 &lt;unknown&gt;&#10;#17 0x7f4c8a729c6c &lt;unknown&gt;">browser = &lt;selenium.webdriver.chrome.webdriver.WebDriver (session="693b2af0f14ad314e3417c4c683a7997")&gt;

    def test_full_e2e_flow(browser):
        """Complete End-to-End Workflow: Register -&gt; Login -&gt; Predict -&gt; Logout"""
    
        # 1. Registration
        browser.get("http://localhost:5173/register")
&gt;       browser.find_element(By.ID, "fullName").send_keys("E2E Test User")

tests/test_e2e.py:12: 
_ _ _ _ _ _ _ _ _ _ _ _ _ _ _ _ _ _ _ _ _ _ _ _ _ _ _ _ _ _ _ _ _ _ _ _ _ _ _ _ 
/opt/hostedtoolcache/Python/3.11.15/x64/lib/python3.11/site-packages/selenium/webdriver/remote/webdriver.py:868: in find_element
    return self.execute(Command.FIND_ELEMENT, {"using": by, "value": value})["value"]
/opt/hostedtoolcache/Python/3.11.15/x64/lib/python3.11/site-packages/selenium/webdriver/remote/webdriver.py:468: in execute
    self.error_handler.check_response(response)
_ _ _ _ _ _ _ _ _ _ _ _ _ _ _ _ _ _ _ _ _ _ _ _ _ _ _ _ _ _ _ _ _ _ _ _ _ _ _ _ 

self = &lt;selenium.webdriver.remote.errorhandler.ErrorHandler object at 0x7f3b9f6483d0&gt;
response = {'status': 404, 'value': '{"value":{"error":"no such element","message":"no such element: Unable to locate element: {\...\\n#15 0x55b2bc18338e \\u003Cunknown&gt;\\n#16 0x7f4c8a69caa4 \\u003Cunknown&gt;\\n#17 0x7f4c8a729c6c \\u003Cunknown&gt;\\n"}}'}

    def check_response(self, response: dict[str, Any]) -&gt; None:
        """Check that a JSON response from the WebDriver does not have an error.
    
        Args:
            response: The JSON response from the WebDriver server as a dictionary
                object.
    
        Raises:
            WebDriverException: If the response contains an error message.
        """
        status = response.get("status", None)
        if not status or status == ErrorCode.SUCCESS:
            return
        value = None
        message = response.get("message", "")
        screen: str = response.get("screen", "")
        stacktrace = None
        if isinstance(status, int):
            value_json = response.get("value", None)
            if value_json and isinstance(value_json, str):
                try:
                    value = json.loads(value_json)
                    if isinstance(value, dict):
                        if len(value) == 1:
                            value = value["value"]
                        status = value.get("error", None)
                        if not status:
                            status = value.get("status", ErrorCode.UNKNOWN_ERROR)
                            message = value.get("value") or value.get("message")
                            if not isinstance(message, str):
                                value = message
                                message = message.get("message") if isinstance(message, dict) else None
                        else:
                            message = value.get("message", None)
                except ValueError:
                    pass
    
        exception_class: type[WebDriverException]
        e = ErrorCode()
        error_codes = [item for item in dir(e) if not item.startswith("__")]
        for error_code in error_codes:
            error_info = getattr(ErrorCode, error_code)
            if isinstance(error_info, list) and status in error_info:
                exception_class = getattr(ExceptionMapping, error_code, WebDriverException)
                break
        else:
            exception_class = WebDriverException
    
        if not value:
            value = response["value"]
        if isinstance(value, str):
            raise exception_class(value)
        if message == "" and "message" in value:
            message = value["message"]
    
        screen = None  # type: ignore[assignment]
        if "screen" in value:
            screen = value["screen"]
    
        stacktrace = None
        st_value = value.get("stackTrace") or value.get("stacktrace")
        if st_value:
            if isinstance(st_value, str):
                stacktrace = st_value.split("\n")
            else:
                stacktrace = []
                try:
                    for frame in st_value:
                        line = frame.get("lineNumber", "")
                        file = frame.get("fileName", "&lt;anonymous&gt;")
                        if line:
                            file = f"{file}:{line}"
                        meth = frame.get("methodName", "&lt;anonymous&gt;")
                        if "className" in frame:
                            meth = f"{frame['className']}.{meth}"
                        msg = "    at %s (%s)"
                        msg = msg % (meth, file)
                        stacktrace.append(msg)
                except TypeError:
                    pass
        if exception_class == UnexpectedAlertPresentException:
            alert_text = None
            if "data" in value:
                alert_text = value["data"].get("text")
            elif "alert" in value:
                alert_text = value["alert"].get("text")
            raise exception_class(message, screen, stacktrace, alert_text)
&gt;       raise exception_class(message, screen, stacktrace)
E       selenium.common.exceptions.NoSuchElementException: Message: no such element: Unable to locate element: {"method":"css selector","selector":"[id="fullName"]"}
E         (Session info: chrome=149.0.7827.114); For documentation on this error, please visit: https://www.selenium.dev/documentation/webdriver/troubleshooting/errors#nosuchelementexception
E       Stacktrace:
E       #0 0x55b2bc18480a &lt;unknown&gt;
E       #1 0x55b2bbb67289 &lt;unknown&gt;
E       #2 0x55b2bbbbb9b4 &lt;unknown&gt;
E       #3 0x55b2bbbbbc01 &lt;unknown&gt;
E       #4 0x55b2bbc06874 &lt;unknown&gt;
E       #5 0x55b2bbc03a4c &lt;unknown&gt;
E       #6 0x55b2bbbaef7f &lt;unknown&gt;
E       #7 0x55b2bbbafd61 &lt;unknown&gt;
E       #8 0x55b2bc14b0f7 &lt;unknown&gt;
E       #9 0x55b2bc1498bd &lt;unknown&gt;
E       #10 0x55b2bc1345a6 &lt;unknown&gt;
E       #11 0x55b2bc14a49a &lt;unknown&gt;
E       #12 0x55b2bc11c560 &lt;unknown&gt;
E       #13 0x55b2bc171288 &lt;unknown&gt;
E       #14 0x55b2bc171425 &lt;unknown&gt;
E       #15 0x55b2bc18338e &lt;unknown&gt;
E       #16 0x7f4c8a69caa4 &lt;unknown&gt;
E       #17 0x7f4c8a729c6c &lt;unknown&gt;

/opt/hostedtoolcache/Python/3.11.15/x64/lib/python3.11/site-packages/selenium/webdriver/remote/errorhandler.py:232: NoSuchElementException</failure></testcase><testcase classname="tests.test_e2e" name="test_full_e2e_flow" time="10.650"><failure message="selenium.common.exceptions.NoSuchElementException: Message: no such element: Unable to locate element: {&quot;method&quot;:&quot;css selector&quot;,&quot;selector&quot;:&quot;[id=&quot;fullName&quot;]&quot;}&#10;  (Session info: chrome=149.0.7827.114); For documentation on this error, please visit: https://www.selenium.dev/documentation/webdriver/troubleshooting/errors#nosuchelementexception&#10;Stacktrace:&#10;#0 0x55b2bc18480a &lt;unknown&gt;&#10;#1 0x55b2bbb67289 &lt;unknown&gt;&#10;#2 0x55b2bbbbb9b4 &lt;unknown&gt;&#10;#3 0x55b2bbbbbc01 &lt;unknown&gt;&#10;#4 0x55b2bbc06874 &lt;unknown&gt;&#10;#5 0x55b2bbc03a4c &lt;unknown&gt;&#10;#6 0x55b2bbbaef7f &lt;unknown&gt;&#10;#7 0x55b2bbbafd61 &lt;unknown&gt;&#10;#8 0x55b2bc14b0f7 &lt;unknown&gt;&#10;#9 0x55b2bc1498bd &lt;unknown&gt;&#10;#10 0x55b2bc1345a6 &lt;unknown&gt;&#10;#11 0x55b2bc14a49a &lt;unknown&gt;&#10;#12 0x55b2bc11c560 &lt;unknown&gt;&#10;#13 0x55b2bc171288 &lt;unknown&gt;&#10;#14 0x55b2bc171425 &lt;unknown&gt;&#10;#15 0x55b2bc18338e &lt;unknown&gt;&#10;#16 0x7f4c8a69caa4 &lt;unknown&gt;&#10;#17 0x7f4c8a729c6c &lt;unknown&gt;">browser = &lt;selenium.webdriver.chrome.webdriver.WebDriver (session="693b2af0f14ad314e3417c4c683a7997")&gt;

    def test_full_e2e_flow(browser):
        """Complete End-to-End Workflow: Register -&gt; Login -&gt; Predict -&gt; Logout"""
    
        # 1. Registration
        browser.get("http://localhost:5173/register")
&gt;       browser.find_element(By.ID, "fullName").send_keys("E2E Test User")

tests/test_e2e.py:12: 
_ _ _ _ _ _ _ _ _ _ _ _ _ _ _ _ _ _ _ _ _ _ _ _ _ _ _ _ _ _ _ _ _ _ _ _ _ _ _ _ 
/opt/hostedtoolcache/Python/3.11.15/x64/lib/python3.11/site-packages/selenium/webdriver/remote/webdriver.py:868: in find_element
    return self.execute(Command.FIND_ELEMENT, {"using": by, "value": value})["value"]
/opt/hostedtoolcache/Python/3.11.15/x64/lib/python3.11/site-packages/selenium/webdriver/remote/webdriver.py:468: in execute
    self.error_handler.check_response(response)
_ _ _ _ _ _ _ _ _ _ _ _ _ _ _ _ _ _ _ _ _ _ _ _ _ _ _ _ _ _ _ _ _ _ _ _ _ _ _ _ 

self = &lt;selenium.webdriver.remote.errorhandler.ErrorHandler object at 0x7f3b9f6483d0&gt;
response = {'status': 404, 'value': '{"value":{"error":"no such element","message":"no such element: Unable to locate element: {\...\\n#15 0x55b2bc18338e \\u003Cunknown&gt;\\n#16 0x7f4c8a69caa4 \\u003Cunknown&gt;\\n#17 0x7f4c8a729c6c \\u003Cunknown&gt;\\n"}}'}

    def check_response(self, response: dict[str, Any]) -&gt; None:
        """Check that a JSON response from the WebDriver does not have an error.
    
        Args:
            response: The JSON response from the WebDriver server as a dictionary
                object.
    
        Raises:
            WebDriverException: If the response contains an error message.
        """
        status = response.get("status", None)
        if not status or status == ErrorCode.SUCCESS:
            return
        value = None
        message = response.get("message", "")
        screen: str = response.get("screen", "")
        stacktrace = None
        if isinstance(status, int):
            value_json = response.get("value", None)
            if value_json and isinstance(value_json, str):
                try:
                    value = json.loads(value_json)
                    if isinstance(value, dict):
                        if len(value) == 1:
                            value = value["value"]
                        status = value.get("error", None)
                        if not status:
                            status = value.get("status", ErrorCode.UNKNOWN_ERROR)
                            message = value.get("value") or value.get("message")
                            if not isinstance(message, str):
                                value = message
                                message = message.get("message") if isinstance(message, dict) else None
                        else:
                            message = value.get("message", None)
                except ValueError:
                    pass
    
        exception_class: type[WebDriverException]
        e = ErrorCode()
        error_codes = [item for item in dir(e) if not item.startswith("__")]
        for error_code in error_codes:
            error_info = getattr(ErrorCode, error_code)
            if isinstance(error_info, list) and status in error_info:
                exception_class = getattr(ExceptionMapping, error_code, WebDriverException)
                break
        else:
            exception_class = WebDriverException
    
        if not value:
            value = response["value"]
        if isinstance(value, str):
            raise exception_class(value)
        if message == "" and "message" in value:
            message = value["message"]
    
        screen = None  # type: ignore[assignment]
        if "screen" in value:
            screen = value["screen"]
    
        stacktrace = None
        st_value = value.get("stackTrace") or value.get("stacktrace")
        if st_value:
            if isinstance(st_value, str):
                stacktrace = st_value.split("\n")
            else:
                stacktrace = []
                try:
                    for frame in st_value:
                        line = frame.get("lineNumber", "")
                        file = frame.get("fileName", "&lt;anonymous&gt;")
                        if line:
                            file = f"{file}:{line}"
                        meth = frame.get("methodName", "&lt;anonymous&gt;")
                        if "className" in frame:
                            meth = f"{frame['className']}.{meth}"
                        msg = "    at %s (%s)"
                        msg = msg % (meth, file)
                        stacktrace.append(msg)
                except TypeError:
                    pass
        if exception_class == UnexpectedAlertPresentException:
            alert_text = None
            if "data" in value:
                alert_text = value["data"].get("text")
            elif "alert" in value:
                alert_text = value["alert"].get("text")
            raise exception_class(message, screen, stacktrace, alert_text)
&gt;       raise exception_class(message, screen, stacktrace)
E       selenium.common.exceptions.NoSuchElementException: Message: no such element: Unable to locate element: {"method":"css selector","selector":"[id="fullName"]"}
E         (Session info: chrome=149.0.7827.114); For documentation on this error, please visit: https://www.selenium.dev/documentation/webdriver/troubleshooting/errors#nosuchelementexception
E       Stacktrace:
E       #0 0x55b2bc18480a &lt;unknown&gt;
E       #1 0x55b2bbb67289 &lt;unknown&gt;
E       #2 0x55b2bbbbb9b4 &lt;unknown&gt;
E       #3 0x55b2bbbbbc01 &lt;unknown&gt;
E       #4 0x55b2bbc06874 &lt;unknown&gt;
E       #5 0x55b2bbc03a4c &lt;unknown&gt;
E       #6 0x55b2bbbaef7f &lt;unknown&gt;
E       #7 0x55b2bbbafd61 &lt;unknown&gt;
E       #8 0x55b2bc14b0f7 &lt;unknown&gt;
E       #9 0x55b2bc1498bd &lt;unknown&gt;
E       #10 0x55b2bc1345a6 &lt;unknown&gt;
E       #11 0x55b2bc14a49a &lt;unknown&gt;
E       #12 0x55b2bc11c560 &lt;unknown&gt;
E       #13 0x55b2bc171288 &lt;unknown&gt;
E       #14 0x55b2bc171425 &lt;unknown&gt;
E       #15 0x55b2bc18338e &lt;unknown&gt;
E       #16 0x7f4c8a69caa4 &lt;unknown&gt;
E       #17 0x7f4c8a729c6c &lt;unknown&gt;

/opt/hostedtoolcache/Python/3.11.15/x64/lib/python3.11/site-packages/selenium/webdriver/remote/errorhandler.py:232: NoSuchElementException</failure></testcase><testcase classname="tests.test_e2e" name="test_full_e2e_flow" time="10.650"><failure message="selenium.common.exceptions.NoSuchElementException: Message: no such element: Unable to locate element: {&quot;method&quot;:&quot;css selector&quot;,&quot;selector&quot;:&quot;[id=&quot;fullName&quot;]&quot;}&#10;  (Session info: chrome=149.0.7827.114); For documentation on this error, please visit: https://www.selenium.dev/documentation/webdriver/troubleshooting/errors#nosuchelementexception&#10;Stacktrace:&#10;#0 0x55b2bc18480a &lt;unknown&gt;&#10;#1 0x55b2bbb67289 &lt;unknown&gt;&#10;#2 0x55b2bbbbb9b4 &lt;unknown&gt;&#10;#3 0x55b2bbbbbc01 &lt;unknown&gt;&#10;#4 0x55b2bbc06874 &lt;unknown&gt;&#10;#5 0x55b2bbc03a4c &lt;unknown&gt;&#10;#6 0x55b2bbbaef7f &lt;unknown&gt;&#10;#7 0x55b2bbbafd61 &lt;unknown&gt;&#10;#8 0x55b2bc14b0f7 &lt;unknown&gt;&#10;#9 0x55b2bc1498bd &lt;unknown&gt;&#10;#10 0x55b2bc1345a6 &lt;unknown&gt;&#10;#11 0x55b2bc14a49a &lt;unknown&gt;&#10;#12 0x55b2bc11c560 &lt;unknown&gt;&#10;#13 0x55b2bc171288 &lt;unknown&gt;&#10;#14 0x55b2bc171425 &lt;unknown&gt;&#10;#15 0x55b2bc18338e &lt;unknown&gt;&#10;#16 0x7f4c8a69caa4 &lt;unknown&gt;&#10;#17 0x7f4c8a729c6c &lt;unknown&gt;">browser = &lt;selenium.webdriver.chrome.webdriver.WebDriver (session="693b2af0f14ad314e3417c4c683a7997")&gt;

    def test_full_e2e_flow(browser):
        """Complete End-to-End Workflow: Register -&gt; Login -&gt; Predict -&gt; Logout"""
    
        # 1. Registration
        browser.get("http://localhost:5173/register")
&gt;       browser.find_element(By.ID, "fullName").send_keys("E2E Test User")

tests/test_e2e.py:12: 
_ _ _ _ _ _ _ _ _ _ _ _ _ _ _ _ _ _ _ _ _ _ _ _ _ _ _ _ _ _ _ _ _ _ _ _ _ _ _ _ 
/opt/hostedtoolcache/Python/3.11.15/x64/lib/python3.11/site-packages/selenium/webdriver/remote/webdriver.py:868: in find_element
    return self.execute(Command.FIND_ELEMENT, {"using": by, "value": value})["value"]
/opt/hostedtoolcache/Python/3.11.15/x64/lib/python3.11/site-packages/selenium/webdriver/remote/webdriver.py:468: in execute
    self.error_handler.check_response(response)
_ _ _ _ _ _ _ _ _ _ _ _ _ _ _ _ _ _ _ _ _ _ _ _ _ _ _ _ _ _ _ _ _ _ _ _ _ _ _ _ 

self = &lt;selenium.webdriver.remote.errorhandler.ErrorHandler object at 0x7f3b9f6483d0&gt;
response = {'status': 404, 'value': '{"value":{"error":"no such element","message":"no such element: Unable to locate element: {\...\\n#15 0x55b2bc18338e \\u003Cunknown&gt;\\n#16 0x7f4c8a69caa4 \\u003Cunknown&gt;\\n#17 0x7f4c8a729c6c \\u003Cunknown&gt;\\n"}}'}

    def check_response(self, response: dict[str, Any]) -&gt; None:
        """Check that a JSON response from the WebDriver does not have an error.
    
        Args:
            response: The JSON response from the WebDriver server as a dictionary
                object.
    
        Raises:
            WebDriverException: If the response contains an error message.
        """
        status = response.get("status", None)
        if not status or status == ErrorCode.SUCCESS:
            return
        value = None
        message = response.get("message", "")
        screen: str = response.get("screen", "")
        stacktrace = None
        if isinstance(status, int):
            value_json = response.get("value", None)
            if value_json and isinstance(value_json, str):
                try:
                    value = json.loads(value_json)
                    if isinstance(value, dict):
                        if len(value) == 1:
                            value = value["value"]
                        status = value.get("error", None)
                        if not status:
                            status = value.get("status", ErrorCode.UNKNOWN_ERROR)
                            message = value.get("value") or value.get("message")
                            if not isinstance(message, str):
                                value = message
                                message = message.get("message") if isinstance(message, dict) else None
                        else:
                            message = value.get("message", None)
                except ValueError:
                    pass
    
        exception_class: type[WebDriverException]
        e = ErrorCode()
        error_codes = [item for item in dir(e) if not item.startswith("__")]
        for error_code in error_codes:
            error_info = getattr(ErrorCode, error_code)
            if isinstance(error_info, list) and status in error_info:
                exception_class = getattr(ExceptionMapping, error_code, WebDriverException)
                break
        else:
            exception_class = WebDriverException
    
        if not value:
            value = response["value"]
        if isinstance(value, str):
            raise exception_class(value)
        if message == "" and "message" in value:
            message = value["message"]
    
        screen = None  # type: ignore[assignment]
        if "screen" in value:
            screen = value["screen"]
    
        stacktrace = None
        st_value = value.get("stackTrace") or value.get("stacktrace")
        if st_value:
            if isinstance(st_value, str):
                stacktrace = st_value.split("\n")
            else:
                stacktrace = []
                try:
                    for frame in st_value:
                        line = frame.get("lineNumber", "")
                        file = frame.get("fileName", "&lt;anonymous&gt;")
                        if line:
                            file = f"{file}:{line}"
                        meth = frame.get("methodName", "&lt;anonymous&gt;")
                        if "className" in frame:
                            meth = f"{frame['className']}.{meth}"
                        msg = "    at %s (%s)"
                        msg = msg % (meth, file)
                        stacktrace.append(msg)
                except TypeError:
                    pass
        if exception_class == UnexpectedAlertPresentException:
            alert_text = None
            if "data" in value:
                alert_text = value["data"].get("text")
            elif "alert" in value:
                alert_text = value["alert"].get("text")
            raise exception_class(message, screen, stacktrace, alert_text)
&gt;       raise exception_class(message, screen, stacktrace)
E       selenium.common.exceptions.NoSuchElementException: Message: no such element: Unable to locate element: {"method":"css selector","selector":"[id="fullName"]"}
E         (Session info: chrome=149.0.7827.114); For documentation on this error, please visit: https://www.selenium.dev/documentation/webdriver/troubleshooting/errors#nosuchelementexception
E       Stacktrace:
E       #0 0x55b2bc18480a &lt;unknown&gt;
E       #1 0x55b2bbb67289 &lt;unknown&gt;
E       #2 0x55b2bbbbb9b4 &lt;unknown&gt;
E       #3 0x55b2bbbbbc01 &lt;unknown&gt;
E       #4 0x55b2bbc06874 &lt;unknown&gt;
E       #5 0x55b2bbc03a4c &lt;unknown&gt;
E       #6 0x55b2bbbaef7f &lt;unknown&gt;
E       #7 0x55b2bbbafd61 &lt;unknown&gt;
E       #8 0x55b2bc14b0f7 &lt;unknown&gt;
E       #9 0x55b2bc1498bd &lt;unknown&gt;
E       #10 0x55b2bc1345a6 &lt;unknown&gt;
E       #11 0x55b2bc14a49a &lt;unknown&gt;
E       #12 0x55b2bc11c560 &lt;unknown&gt;
E       #13 0x55b2bc171288 &lt;unknown&gt;
E       #14 0x55b2bc171425 &lt;unknown&gt;
E       #15 0x55b2bc18338e &lt;unknown&gt;
E       #16 0x7f4c8a69caa4 &lt;unknown&gt;
E       #17 0x7f4c8a729c6c &lt;unknown&gt;

/opt/hostedtoolcache/Python/3.11.15/x64/lib/python3.11/site-packages/selenium/webdriver/remote/errorhandler.py:232: NoSuchElementException</failure></testcase></testsuite><testsuite name="pytest" errors="0" failures="0" skipped="0" tests="12" time="168.387" timestamp="2026-06-14T11:10:15.815286" hostname="runnervm1li68"><testcase classname="tests.test_login" name="test_valid_login" time="16.819" /><testcase classname="tests.test_login" name="test_invalid_password" time="15.609" /><testcase classname="tests.test_login" name="test_invalid_username" time="11.370" /><testcase classname="tests.test_login" name="test_login_empty_fields" time="12.331" /><testcase classname="tests.test_login" name="test_valid_login" time="16.819" /><testcase classname="tests.test_login" name="test_invalid_password" time="15.609" /><testcase classname="tests.test_login" name="test_invalid_username" time="11.370" /><testcase classname="tests.test_login" name="test_login_empty_fields" time="12.331" /><testcase classname="tests.test_login" name="test_valid_login" time="16.819" /><testcase classname="tests.test_login" name="test_invalid_password" time="15.609" /><testcase classname="tests.test_login" name="test_invalid_username" time="11.370" /><testcase classname="tests.test_login" name="test_login_empty_fields" time="12.331" /></testsuite><testsuite name="pytest" errors="0" failures="0" skipped="0" tests="3" time="10.305" timestamp="2026-06-14T11:17:32.738357" hostname="runnervm1li68"><testcase classname="tests.test_logout" name="test_logout" time="3.435" /><testcase classname="tests.test_logout" name="test_logout" time="3.435" /><testcase classname="tests.test_logout" name="test_logout" time="3.435" /></testsuite><testsuite name="pytest" errors="0" failures="0" skipped="0" tests="6" time="10.86" timestamp="2026-06-14T11:17:28.686948" hostname="runnervm1li68"><testcase classname="tests.test_navigation" name="test_unauthenticated_navigation" time="0.659" /><testcase classname="tests.test_navigation" name="test_navigation_links" time="2.961" /><testcase classname="tests.test_navigation" name="test_unauthenticated_navigation" time="0.659" /><testcase classname="tests.test_navigation" name="test_navigation_links" time="2.961" /><testcase classname="tests.test_navigation" name="test_unauthenticated_navigation" time="0.659" /><testcase classname="tests.test_navigation" name="test_navigation_links" time="2.961" /></testsuite><testsuite name="pytest" errors="0" failures="0" skipped="0" tests="12" time="48.147" timestamp="2026-06-14T11:17:12.192735" hostname="runnervm1li68"><testcase classname="tests.test_notifications" name="test_notification_bell_presence" time="3.231" /><testcase classname="tests.test_notifications" name="test_medium_strain_notification_generation" time="3.215" /><testcase classname="tests.test_notifications" name="test_notifications_history_page" time="4.248" /><testcase classname="tests.test_notifications" name="test_delete_notification" time="5.355" /><testcase classname="tests.test_notifications" name="test_notification_bell_presence" time="3.231" /><testcase classname="tests.test_notifications" name="test_medium_strain_notification_generation" time="3.215" /><testcase classname="tests.test_notifications" name="test_notifications_history_page" time="4.248" /><testcase classname="tests.test_notifications" name="test_delete_notification" time="5.355" /><testcase classname="tests.test_notifications" name="test_notification_bell_presence" time="3.231" /><testcase classname="tests.test_notifications" name="test_medium_strain_notification_generation" time="3.215" /><testcase classname="tests.test_notifications" name="test_notifications_history_page" time="4.248" /><testcase classname="tests.test_notifications" name="test_delete_notification" time="5.355" /></testsuite><testsuite name="pytest" errors="0" failures="0" skipped="0" tests="9" time="38.832" timestamp="2026-06-14T11:16:49.081402" hostname="runnervm1li68"><testcase classname="tests.test_prediction" name="test_transmit_metrics_success" time="4.266" /><testcase classname="tests.test_prediction" name="test_cognitive_strain_prediction" time="4.317" /><testcase classname="tests.test_prediction" name="test_behavioral_drift_score" time="4.361" /><testcase classname="tests.test_prediction" name="test_transmit_metrics_success" time="4.266" /><testcase classname="tests.test_prediction" name="test_cognitive_strain_prediction" time="4.317" /><testcase classname="tests.test_prediction" name="test_behavioral_drift_score" time="4.361" /><testcase classname="tests.test_prediction" name="test_transmit_metrics_success" time="4.266" /><testcase classname="tests.test_prediction" name="test_cognitive_strain_prediction" time="4.317" /><testcase classname="tests.test_prediction" name="test_behavioral_drift_score" time="4.361" /></testsuite><testsuite name="pytest" errors="0" failures="0" skipped="0" tests="6" time="27.876" timestamp="2026-06-14T11:17:02.464657" hostname="runnervm1li68"><testcase classname="tests.test_profile" name="test_profile_loads" time="3.314" /><testcase classname="tests.test_profile" name="test_edit_profile" time="5.978" /><testcase classname="tests.test_profile" name="test_profile_loads" time="3.314" /><testcase classname="tests.test_profile" name="test_edit_profile" time="5.978" /><testcase classname="tests.test_profile" name="test_profile_loads" time="3.314" /><testcase classname="tests.test_profile" name="test_edit_profile" time="5.978" /></testsuite><testsuite name="pytest" errors="0" failures="8" skipped="0" tests="12" time="116.672" timestamp="2026-06-14T10:19:38.053380" hostname="runnervm1li68"><testcase classname="tests.test_registration" name="test_valid_registration" time="14.906"><failure message="selenium.common.exceptions.TimeoutException: Message:">browser = &lt;selenium.webdriver.chrome.webdriver.WebDriver (session="55a49bfd5023d6801f60f4795f2567d9")&gt;

    def test_valid_registration(browser):
        """Test registering a new user."""
        browser.get("http://localhost:5173/")
        browser.execute_script("window.localStorage.clear();")
        browser.get("http://localhost:5173/login")
        time.sleep(1)
    
        # Ensure we are on registration mode
        toggles = browser.find_elements("xpath", "//button[contains(text(), 'Register now')]")
        if toggles:
            toggles[0].click()
            time.sleep(0.5)
    
        browser.find_element("xpath", "//input[@name='full_name']").send_keys("Test User")
    
        unique_username = f"testuser_{uuid.uuid4().hex[:6]}"
        browser.find_element("xpath", "//input[@name='username']").send_keys(unique_username)
        browser.find_element("xpath", "//input[@name='email']").send_keys(f"{unique_username}@example.com")
        browser.find_element("xpath", "//input[@name='password']").send_keys("password123")
        browser.find_element("xpath", "//input[@name='confirmPassword']").send_keys("password123")
        browser.find_element("xpath", "//input[@name='privacy_consent']").click()
    
        submit_btn = browser.find_element("xpath", "//button[@type='submit']")
        submit_btn.click()
    
        # Assert successful registration redirects to dashboard
&gt;       WebDriverWait(browser, 10).until(EC.url_contains("dashboard"))

tests/test_registration.py:32: 
_ _ _ _ _ _ _ _ _ _ _ _ _ _ _ _ _ _ _ _ _ _ _ _ _ _ _ _ _ _ _ _ _ _ _ _ _ _ _ _ 

self = &lt;selenium.webdriver.support.wait.WebDriverWait (session="55a49bfd5023d6801f60f4795f2567d9")&gt;
method = &lt;function url_contains.&lt;locals&gt;._predicate at 0x7f64e9206660&gt;
message = ''

    def until(self, method: Callable[[D], Literal[False] | T], message: str = "") -&gt; T:
        """Wait until the method returns a value that is not False.
    
        Calls the method provided with the driver as an argument until the
        return value does not evaluate to ``False``.
    
        Args:
            method: A callable object that takes a WebDriver instance as an
                argument.
            message: Optional message for TimeoutException.
    
        Returns:
            The result of the last call to `method`.
    
        Raises:
            TimeoutException: If 'method' does not return a truthy value within
                the WebDriverWait object's timeout.
    
        Example:
            &gt;&gt;&gt; from selenium.webdriver.common.by import By
            &gt;&gt;&gt; from selenium.webdriver.support.ui import WebDriverWait
            &gt;&gt;&gt; from selenium.webdriver.support import expected_conditions as EC
            &gt;&gt;&gt;
            &gt;&gt;&gt; # Wait until an element is visible on the page
            &gt;&gt;&gt; wait = WebDriverWait(driver, 10)
            &gt;&gt;&gt; element = wait.until(EC.visibility_of_element_located((By.ID, "exampleId")))
            &gt;&gt;&gt; print(element.text)
        """
        screen = None
        stacktrace = None
    
        end_time = time.monotonic() + self._timeout
        while True:
            try:
                value = method(self._driver)
                if value:
                    return value
            except self._ignored_exceptions as exc:
                screen = getattr(exc, "screen", None)
                stacktrace = getattr(exc, "stacktrace", None)
            if time.monotonic() &gt; end_time:
                break
            time.sleep(self._poll)
&gt;       raise TimeoutException(message, screen, stacktrace)
E       selenium.common.exceptions.TimeoutException: Message:

/opt/hostedtoolcache/Python/3.11.15/x64/lib/python3.11/site-packages/selenium/webdriver/support/wait.py:121: TimeoutException</failure></testcase><testcase classname="tests.test_registration" name="test_registration_existing_user" time="12.404"><failure message="selenium.common.exceptions.TimeoutException: Message:">browser = &lt;selenium.webdriver.chrome.webdriver.WebDriver (session="55a49bfd5023d6801f60f4795f2567d9")&gt;

    def test_registration_existing_user(browser):
        """Test registering with an already existing username."""
        browser.get("http://localhost:5173/")
        browser.execute_script("window.localStorage.clear();")
        browser.get("http://localhost:5173/login")
        time.sleep(1)
    
        # Create user first
        toggles = browser.find_elements("xpath", "//button[contains(text(), 'Register now')]")
        if toggles:
            toggles[0].click()
            time.sleep(0.5)
    
        browser.find_element("xpath", "//input[@name='full_name']").send_keys("Test User")
        unique_username = f"testuser_{uuid.uuid4().hex[:6]}"
        browser.find_element("xpath", "//input[@name='username']").send_keys(unique_username)
        browser.find_element("xpath", "//input[@name='email']").send_keys(f"{unique_username}@example.com")
        browser.find_element("xpath", "//input[@name='password']").send_keys("password123")
        browser.find_element("xpath", "//input[@name='confirmPassword']").send_keys("password123")
        browser.find_element("xpath", "//input[@name='privacy_consent']").click()
    
        submit_btn = browser.find_element("xpath", "//button[@type='submit']")
        submit_btn.click()
    
        # Logout
&gt;       WebDriverWait(browser, 10).until(EC.url_contains("dashboard"))

tests/test_registration.py:62: 
_ _ _ _ _ _ _ _ _ _ _ _ _ _ _ _ _ _ _ _ _ _ _ _ _ _ _ _ _ _ _ _ _ _ _ _ _ _ _ _ 

self = &lt;selenium.webdriver.support.wait.WebDriverWait (session="55a49bfd5023d6801f60f4795f2567d9")&gt;
method = &lt;function url_contains.&lt;locals&gt;._predicate at 0x7f64e8cb7740&gt;
message = ''

    def until(self, method: Callable[[D], Literal[False] | T], message: str = "") -&gt; T:
        """Wait until the method returns a value that is not False.
    
        Calls the method provided with the driver as an argument until the
        return value does not evaluate to ``False``.
    
        Args:
            method: A callable object that takes a WebDriver instance as an
                argument.
            message: Optional message for TimeoutException.
    
        Returns:
            The result of the last call to `method`.
    
        Raises:
            TimeoutException: If 'method' does not return a truthy value within
                the WebDriverWait object's timeout.
    
        Example:
            &gt;&gt;&gt; from selenium.webdriver.common.by import By
            &gt;&gt;&gt; from selenium.webdriver.support.ui import WebDriverWait
            &gt;&gt;&gt; from selenium.webdriver.support import expected_conditions as EC
            &gt;&gt;&gt;
            &gt;&gt;&gt; # Wait until an element is visible on the page
            &gt;&gt;&gt; wait = WebDriverWait(driver, 10)
            &gt;&gt;&gt; element = wait.until(EC.visibility_of_element_located((By.ID, "exampleId")))
            &gt;&gt;&gt; print(element.text)
        """
        screen = None
        stacktrace = None
    
        end_time = time.monotonic() + self._timeout
        while True:
            try:
                value = method(self._driver)
                if value:
                    return value
            except self._ignored_exceptions as exc:
                screen = getattr(exc, "screen", None)
                stacktrace = getattr(exc, "stacktrace", None)
            if time.monotonic() &gt; end_time:
                break
            time.sleep(self._poll)
&gt;       raise TimeoutException(message, screen, stacktrace)
E       selenium.common.exceptions.TimeoutException: Message:

/opt/hostedtoolcache/Python/3.11.15/x64/lib/python3.11/site-packages/selenium/webdriver/support/wait.py:121: TimeoutException</failure></testcase><testcase classname="tests.test_registration" name="test_registration_empty_fields" time="1.858" /><testcase classname="tests.test_registration" name="test_valid_registration" time="14.906"><failure message="selenium.common.exceptions.TimeoutException: Message:">browser = &lt;selenium.webdriver.chrome.webdriver.WebDriver (session="55a49bfd5023d6801f60f4795f2567d9")&gt;

    def test_valid_registration(browser):
        """Test registering a new user."""
        browser.get("http://localhost:5173/")
        browser.execute_script("window.localStorage.clear();")
        browser.get("http://localhost:5173/login")
        time.sleep(1)
    
        # Ensure we are on registration mode
        toggles = browser.find_elements("xpath", "//button[contains(text(), 'Register now')]")
        if toggles:
            toggles[0].click()
            time.sleep(0.5)
    
        browser.find_element("xpath", "//input[@name='full_name']").send_keys("Test User")
    
        unique_username = f"testuser_{uuid.uuid4().hex[:6]}"
        browser.find_element("xpath", "//input[@name='username']").send_keys(unique_username)
        browser.find_element("xpath", "//input[@name='email']").send_keys(f"{unique_username}@example.com")
        browser.find_element("xpath", "//input[@name='password']").send_keys("password123")
        browser.find_element("xpath", "//input[@name='confirmPassword']").send_keys("password123")
        browser.find_element("xpath", "//input[@name='privacy_consent']").click()
    
        submit_btn = browser.find_element("xpath", "//button[@type='submit']")
        submit_btn.click()
    
        # Assert successful registration redirects to dashboard
&gt;       WebDriverWait(browser, 10).until(EC.url_contains("dashboard"))

tests/test_registration.py:32: 
_ _ _ _ _ _ _ _ _ _ _ _ _ _ _ _ _ _ _ _ _ _ _ _ _ _ _ _ _ _ _ _ _ _ _ _ _ _ _ _ 

self = &lt;selenium.webdriver.support.wait.WebDriverWait (session="55a49bfd5023d6801f60f4795f2567d9")&gt;
method = &lt;function url_contains.&lt;locals&gt;._predicate at 0x7f64e9206660&gt;
message = ''

    def until(self, method: Callable[[D], Literal[False] | T], message: str = "") -&gt; T:
        """Wait until the method returns a value that is not False.
    
        Calls the method provided with the driver as an argument until the
        return value does not evaluate to ``False``.
    
        Args:
            method: A callable object that takes a WebDriver instance as an
                argument.
            message: Optional message for TimeoutException.
    
        Returns:
            The result of the last call to `method`.
    
        Raises:
            TimeoutException: If 'method' does not return a truthy value within
                the WebDriverWait object's timeout.
    
        Example:
            &gt;&gt;&gt; from selenium.webdriver.common.by import By
            &gt;&gt;&gt; from selenium.webdriver.support.ui import WebDriverWait
            &gt;&gt;&gt; from selenium.webdriver.support import expected_conditions as EC
            &gt;&gt;&gt;
            &gt;&gt;&gt; # Wait until an element is visible on the page
            &gt;&gt;&gt; wait = WebDriverWait(driver, 10)
            &gt;&gt;&gt; element = wait.until(EC.visibility_of_element_located((By.ID, "exampleId")))
            &gt;&gt;&gt; print(element.text)
        """
        screen = None
        stacktrace = None
    
        end_time = time.monotonic() + self._timeout
        while True:
            try:
                value = method(self._driver)
                if value:
                    return value
            except self._ignored_exceptions as exc:
                screen = getattr(exc, "screen", None)
                stacktrace = getattr(exc, "stacktrace", None)
            if time.monotonic() &gt; end_time:
                break
            time.sleep(self._poll)
&gt;       raise TimeoutException(message, screen, stacktrace)
E       selenium.common.exceptions.TimeoutException: Message:

/opt/hostedtoolcache/Python/3.11.15/x64/lib/python3.11/site-packages/selenium/webdriver/support/wait.py:121: TimeoutException</failure></testcase><testcase classname="tests.test_registration" name="test_registration_existing_user" time="12.404"><failure message="selenium.common.exceptions.TimeoutException: Message:">browser = &lt;selenium.webdriver.chrome.webdriver.WebDriver (session="55a49bfd5023d6801f60f4795f2567d9")&gt;

    def test_registration_existing_user(browser):
        """Test registering with an already existing username."""
        browser.get("http://localhost:5173/")
        browser.execute_script("window.localStorage.clear();")
        browser.get("http://localhost:5173/login")
        time.sleep(1)
    
        # Create user first
        toggles = browser.find_elements("xpath", "//button[contains(text(), 'Register now')]")
        if toggles:
            toggles[0].click()
            time.sleep(0.5)
    
        browser.find_element("xpath", "//input[@name='full_name']").send_keys("Test User")
        unique_username = f"testuser_{uuid.uuid4().hex[:6]}"
        browser.find_element("xpath", "//input[@name='username']").send_keys(unique_username)
        browser.find_element("xpath", "//input[@name='email']").send_keys(f"{unique_username}@example.com")
        browser.find_element("xpath", "//input[@name='password']").send_keys("password123")
        browser.find_element("xpath", "//input[@name='confirmPassword']").send_keys("password123")
        browser.find_element("xpath", "//input[@name='privacy_consent']").click()
    
        submit_btn = browser.find_element("xpath", "//button[@type='submit']")
        submit_btn.click()
    
        # Logout
&gt;       WebDriverWait(browser, 10).until(EC.url_contains("dashboard"))

tests/test_registration.py:62: 
_ _ _ _ _ _ _ _ _ _ _ _ _ _ _ _ _ _ _ _ _ _ _ _ _ _ _ _ _ _ _ _ _ _ _ _ _ _ _ _ 

self = &lt;selenium.webdriver.support.wait.WebDriverWait (session="55a49bfd5023d6801f60f4795f2567d9")&gt;
method = &lt;function url_contains.&lt;locals&gt;._predicate at 0x7f64e8cb7740&gt;
message = ''

    def until(self, method: Callable[[D], Literal[False] | T], message: str = "") -&gt; T:
        """Wait until the method returns a value that is not False.
    
        Calls the method provided with the driver as an argument until the
        return value does not evaluate to ``False``.
    
        Args:
            method: A callable object that takes a WebDriver instance as an
                argument.
            message: Optional message for TimeoutException.
    
        Returns:
            The result of the last call to `method`.
    
        Raises:
            TimeoutException: If 'method' does not return a truthy value within
                the WebDriverWait object's timeout.
    
        Example:
            &gt;&gt;&gt; from selenium.webdriver.common.by import By
            &gt;&gt;&gt; from selenium.webdriver.support.ui import WebDriverWait
            &gt;&gt;&gt; from selenium.webdriver.support import expected_conditions as EC
            &gt;&gt;&gt;
            &gt;&gt;&gt; # Wait until an element is visible on the page
            &gt;&gt;&gt; wait = WebDriverWait(driver, 10)
            &gt;&gt;&gt; element = wait.until(EC.visibility_of_element_located((By.ID, "exampleId")))
            &gt;&gt;&gt; print(element.text)
        """
        screen = None
        stacktrace = None
    
        end_time = time.monotonic() + self._timeout
        while True:
            try:
                value = method(self._driver)
                if value:
                    return value
            except self._ignored_exceptions as exc:
                screen = getattr(exc, "screen", None)
                stacktrace = getattr(exc, "stacktrace", None)
            if time.monotonic() &gt; end_time:
                break
            time.sleep(self._poll)
&gt;       raise TimeoutException(message, screen, stacktrace)
E       selenium.common.exceptions.TimeoutException: Message:

/opt/hostedtoolcache/Python/3.11.15/x64/lib/python3.11/site-packages/selenium/webdriver/support/wait.py:121: TimeoutException</failure></testcase><testcase classname="tests.test_registration" name="test_registration_empty_fields" time="1.858" /><testcase classname="tests.test_registration" name="test_valid_registration" time="14.906"><failure message="selenium.common.exceptions.TimeoutException: Message:">browser = &lt;selenium.webdriver.chrome.webdriver.WebDriver (session="55a49bfd5023d6801f60f4795f2567d9")&gt;

    def test_valid_registration(browser):
        """Test registering a new user."""
        browser.get("http://localhost:5173/")
        browser.execute_script("window.localStorage.clear();")
        browser.get("http://localhost:5173/login")
        time.sleep(1)
    
        # Ensure we are on registration mode
        toggles = browser.find_elements("xpath", "//button[contains(text(), 'Register now')]")
        if toggles:
            toggles[0].click()
            time.sleep(0.5)
    
        browser.find_element("xpath", "//input[@name='full_name']").send_keys("Test User")
    
        unique_username = f"testuser_{uuid.uuid4().hex[:6]}"
        browser.find_element("xpath", "//input[@name='username']").send_keys(unique_username)
        browser.find_element("xpath", "//input[@name='email']").send_keys(f"{unique_username}@example.com")
        browser.find_element("xpath", "//input[@name='password']").send_keys("password123")
        browser.find_element("xpath", "//input[@name='confirmPassword']").send_keys("password123")
        browser.find_element("xpath", "//input[@name='privacy_consent']").click()
    
        submit_btn = browser.find_element("xpath", "//button[@type='submit']")
        submit_btn.click()
    
        # Assert successful registration redirects to dashboard
&gt;       WebDriverWait(browser, 10).until(EC.url_contains("dashboard"))

tests/test_registration.py:32: 
_ _ _ _ _ _ _ _ _ _ _ _ _ _ _ _ _ _ _ _ _ _ _ _ _ _ _ _ _ _ _ _ _ _ _ _ _ _ _ _ 

self = &lt;selenium.webdriver.support.wait.WebDriverWait (session="55a49bfd5023d6801f60f4795f2567d9")&gt;
method = &lt;function url_contains.&lt;locals&gt;._predicate at 0x7f64e9206660&gt;
message = ''

    def until(self, method: Callable[[D], Literal[False] | T], message: str = "") -&gt; T:
        """Wait until the method returns a value that is not False.
    
        Calls the method provided with the driver as an argument until the
        return value does not evaluate to ``False``.
    
        Args:
            method: A callable object that takes a WebDriver instance as an
                argument.
            message: Optional message for TimeoutException.
    
        Returns:
            The result of the last call to `method`.
    
        Raises:
            TimeoutException: If 'method' does not return a truthy value within
                the WebDriverWait object's timeout.
    
        Example:
            &gt;&gt;&gt; from selenium.webdriver.common.by import By
            &gt;&gt;&gt; from selenium.webdriver.support.ui import WebDriverWait
            &gt;&gt;&gt; from selenium.webdriver.support import expected_conditions as EC
            &gt;&gt;&gt;
            &gt;&gt;&gt; # Wait until an element is visible on the page
            &gt;&gt;&gt; wait = WebDriverWait(driver, 10)
            &gt;&gt;&gt; element = wait.until(EC.visibility_of_element_located((By.ID, "exampleId")))
            &gt;&gt;&gt; print(element.text)
        """
        screen = None
        stacktrace = None
    
        end_time = time.monotonic() + self._timeout
        while True:
            try:
                value = method(self._driver)
                if value:
                    return value
            except self._ignored_exceptions as exc:
                screen = getattr(exc, "screen", None)
                stacktrace = getattr(exc, "stacktrace", None)
            if time.monotonic() &gt; end_time:
                break
            time.sleep(self._poll)
&gt;       raise TimeoutException(message, screen, stacktrace)
E       selenium.common.exceptions.TimeoutException: Message:

/opt/hostedtoolcache/Python/3.11.15/x64/lib/python3.11/site-packages/selenium/webdriver/support/wait.py:121: TimeoutException</failure></testcase><testcase classname="tests.test_registration" name="test_registration_existing_user" time="12.404"><failure message="selenium.common.exceptions.TimeoutException: Message:">browser = &lt;selenium.webdriver.chrome.webdriver.WebDriver (session="55a49bfd5023d6801f60f4795f2567d9")&gt;

    def test_registration_existing_user(browser):
        """Test registering with an already existing username."""
        browser.get("http://localhost:5173/")
        browser.execute_script("window.localStorage.clear();")
        browser.get("http://localhost:5173/login")
        time.sleep(1)
    
        # Create user first
        toggles = browser.find_elements("xpath", "//button[contains(text(), 'Register now')]")
        if toggles:
            toggles[0].click()
            time.sleep(0.5)
    
        browser.find_element("xpath", "//input[@name='full_name']").send_keys("Test User")
        unique_username = f"testuser_{uuid.uuid4().hex[:6]}"
        browser.find_element("xpath", "//input[@name='username']").send_keys(unique_username)
        browser.find_element("xpath", "//input[@name='email']").send_keys(f"{unique_username}@example.com")
        browser.find_element("xpath", "//input[@name='password']").send_keys("password123")
        browser.find_element("xpath", "//input[@name='confirmPassword']").send_keys("password123")
        browser.find_element("xpath", "//input[@name='privacy_consent']").click()
    
        submit_btn = browser.find_element("xpath", "//button[@type='submit']")
        submit_btn.click()
    
        # Logout
&gt;       WebDriverWait(browser, 10).until(EC.url_contains("dashboard"))

tests/test_registration.py:62: 
_ _ _ _ _ _ _ _ _ _ _ _ _ _ _ _ _ _ _ _ _ _ _ _ _ _ _ _ _ _ _ _ _ _ _ _ _ _ _ _ 

self = &lt;selenium.webdriver.support.wait.WebDriverWait (session="55a49bfd5023d6801f60f4795f2567d9")&gt;
method = &lt;function url_contains.&lt;locals&gt;._predicate at 0x7f64e8cb7740&gt;
message = ''

    def until(self, method: Callable[[D], Literal[False] | T], message: str = "") -&gt; T:
        """Wait until the method returns a value that is not False.
    
        Calls the method provided with the driver as an argument until the
        return value does not evaluate to ``False``.
    
        Args:
            method: A callable object that takes a WebDriver instance as an
                argument.
            message: Optional message for TimeoutException.
    
        Returns:
            The result of the last call to `method`.
    
        Raises:
            TimeoutException: If 'method' does not return a truthy value within
                the WebDriverWait object's timeout.
    
        Example:
            &gt;&gt;&gt; from selenium.webdriver.common.by import By
            &gt;&gt;&gt; from selenium.webdriver.support.ui import WebDriverWait
            &gt;&gt;&gt; from selenium.webdriver.support import expected_conditions as EC
            &gt;&gt;&gt;
            &gt;&gt;&gt; # Wait until an element is visible on the page
            &gt;&gt;&gt; wait = WebDriverWait(driver, 10)
            &gt;&gt;&gt; element = wait.until(EC.visibility_of_element_located((By.ID, "exampleId")))
            &gt;&gt;&gt; print(element.text)
        """
        screen = None
        stacktrace = None
    
        end_time = time.monotonic() + self._timeout
        while True:
            try:
                value = method(self._driver)
                if value:
                    return value
            except self._ignored_exceptions as exc:
                screen = getattr(exc, "screen", None)
                stacktrace = getattr(exc, "stacktrace", None)
            if time.monotonic() &gt; end_time:
                break
            time.sleep(self._poll)
&gt;       raise TimeoutException(message, screen, stacktrace)
E       selenium.common.exceptions.TimeoutException: Message:

/opt/hostedtoolcache/Python/3.11.15/x64/lib/python3.11/site-packages/selenium/webdriver/support/wait.py:121: TimeoutException</failure></testcase><testcase classname="tests.test_registration" name="test_registration_empty_fields" time="1.858" /><testcase classname="tests.test_registration" name="test_valid_registration" time="14.906"><failure message="selenium.common.exceptions.TimeoutException: Message:">browser = &lt;selenium.webdriver.chrome.webdriver.WebDriver (session="55a49bfd5023d6801f60f4795f2567d9")&gt;

    def test_valid_registration(browser):
        """Test registering a new user."""
        browser.get("http://localhost:5173/")
        browser.execute_script("window.localStorage.clear();")
        browser.get("http://localhost:5173/login")
        time.sleep(1)
    
        # Ensure we are on registration mode
        toggles = browser.find_elements("xpath", "//button[contains(text(), 'Register now')]")
        if toggles:
            toggles[0].click()
            time.sleep(0.5)
    
        browser.find_element("xpath", "//input[@name='full_name']").send_keys("Test User")
    
        unique_username = f"testuser_{uuid.uuid4().hex[:6]}"
        browser.find_element("xpath", "//input[@name='username']").send_keys(unique_username)
        browser.find_element("xpath", "//input[@name='email']").send_keys(f"{unique_username}@example.com")
        browser.find_element("xpath", "//input[@name='password']").send_keys("password123")
        browser.find_element("xpath", "//input[@name='confirmPassword']").send_keys("password123")
        browser.find_element("xpath", "//input[@name='privacy_consent']").click()
    
        submit_btn = browser.find_element("xpath", "//button[@type='submit']")
        submit_btn.click()
    
        # Assert successful registration redirects to dashboard
&gt;       WebDriverWait(browser, 10).until(EC.url_contains("dashboard"))

tests/test_registration.py:32: 
_ _ _ _ _ _ _ _ _ _ _ _ _ _ _ _ _ _ _ _ _ _ _ _ _ _ _ _ _ _ _ _ _ _ _ _ _ _ _ _ 

self = &lt;selenium.webdriver.support.wait.WebDriverWait (session="55a49bfd5023d6801f60f4795f2567d9")&gt;
method = &lt;function url_contains.&lt;locals&gt;._predicate at 0x7f64e9206660&gt;
message = ''

    def until(self, method: Callable[[D], Literal[False] | T], message: str = "") -&gt; T:
        """Wait until the method returns a value that is not False.
    
        Calls the method provided with the driver as an argument until the
        return value does not evaluate to ``False``.
    
        Args:
            method: A callable object that takes a WebDriver instance as an
                argument.
            message: Optional message for TimeoutException.
    
        Returns:
            The result of the last call to `method`.
    
        Raises:
[...]
rehensive" name="test_navigation_cases[TC-NAV-014]" time="2.331" /><testcase classname="tests.test_comprehensive" name="test_navigation_cases[TC-NAV-015]" time="2.252" /><testcase classname="tests.test_comprehensive" name="test_navigation_cases[TC-NAV-016]" time="2.187" /><testcase classname="tests.test_comprehensive" name="test_navigation_cases[TC-NAV-017]" time="0.255" /><testcase classname="tests.test_comprehensive" name="test_navigation_cases[TC-NAV-018]" time="0.075" /><testcase classname="tests.test_comprehensive" name="test_navigation_cases[TC-NAV-019]" time="2.090" /><testcase classname="tests.test_comprehensive" name="test_navigation_cases[TC-NAV-020]" time="2.596" /><testcase classname="tests.test_comprehensive" name="test_navigation_cases[TC-NAV-021]" time="2.219" /><testcase classname="tests.test_comprehensive" name="test_navigation_cases[TC-NAV-022]" time="2.214" /><testcase classname="tests.test_comprehensive" name="test_navigation_cases[TC-NAV-023]" time="0.331" /><testcase classname="tests.test_comprehensive" name="test_navigation_cases[TC-NAV-024]" time="0.074" /><testcase classname="tests.test_comprehensive" name="test_navigation_cases[TC-NAV-025]" time="2.149" /><testcase classname="tests.test_comprehensive" name="test_navigation_cases[TC-NAV-026]" time="2.268" /><testcase classname="tests.test_comprehensive" name="test_navigation_cases[TC-NAV-027]" time="2.188" /><testcase classname="tests.test_comprehensive" name="test_navigation_cases[TC-NAV-028]" time="2.219" /><testcase classname="tests.test_comprehensive" name="test_navigation_cases[TC-NAV-029]" time="0.342" /><testcase classname="tests.test_comprehensive" name="test_navigation_cases[TC-NAV-030]" time="0.080" /><testcase classname="tests.test_comprehensive" name="test_dashboard_cases[TC-DASH-001]" time="1.820" /><testcase classname="tests.test_comprehensive" name="test_dashboard_cases[TC-DASH-002]" time="0.015" /><testcase classname="tests.test_comprehensive" name="test_dashboard_cases[TC-DASH-003]" time="0.015" /><testcase classname="tests.test_comprehensive" name="test_dashboard_cases[TC-DASH-004]" time="0.016" /><testcase classname="tests.test_comprehensive" name="test_dashboard_cases[TC-DASH-005]" time="0.015" /><testcase classname="tests.test_comprehensive" name="test_dashboard_cases[TC-DASH-006]" time="0.015" /><testcase classname="tests.test_comprehensive" name="test_dashboard_cases[TC-DASH-007]" time="0.015" /><testcase classname="tests.test_comprehensive" name="test_dashboard_cases[TC-DASH-008]" time="0.014" /><testcase classname="tests.test_comprehensive" name="test_dashboard_cases[TC-DASH-009]" time="0.012" /><testcase classname="tests.test_comprehensive" name="test_dashboard_cases[TC-DASH-010]" time="0.014" /><testcase classname="tests.test_comprehensive" name="test_dashboard_cases[TC-DASH-011]" time="0.015" /><testcase classname="tests.test_comprehensive" name="test_dashboard_cases[TC-DASH-012]" time="0.016" /><testcase classname="tests.test_comprehensive" name="test_dashboard_cases[TC-DASH-013]" time="0.016" /><testcase classname="tests.test_comprehensive" name="test_dashboard_cases[TC-DASH-014]" time="0.016" /><testcase classname="tests.test_comprehensive" name="test_dashboard_cases[TC-DASH-015]" time="0.015" /><testcase classname="tests.test_comprehensive" name="test_dashboard_cases[TC-DASH-016]" time="0.014" /><testcase classname="tests.test_comprehensive" name="test_dashboard_cases[TC-DASH-017]" time="0.015" /><testcase classname="tests.test_comprehensive" name="test_dashboard_cases[TC-DASH-018]" time="0.014" /><testcase classname="tests.test_comprehensive" name="test_dashboard_cases[TC-DASH-019]" time="0.014" /><testcase classname="tests.test_comprehensive" name="test_dashboard_cases[TC-DASH-020]" time="0.015" /><testcase classname="tests.test_comprehensive" name="test_dashboard_cases[TC-DASH-021]" time="0.015" /><testcase classname="tests.test_comprehensive" name="test_dashboard_cases[TC-DASH-022]" time="0.012" /><testcase classname="tests.test_comprehensive" name="test_dashboard_cases[TC-DASH-023]" time="0.013" /><testcase classname="tests.test_comprehensive" name="test_dashboard_cases[TC-DASH-024]" time="0.016" /><testcase classname="tests.test_comprehensive" name="test_dashboard_cases[TC-DASH-025]" time="0.016" /><testcase classname="tests.test_comprehensive" name="test_dashboard_cases[TC-DASH-026]" time="0.016" /><testcase classname="tests.test_comprehensive" name="test_dashboard_cases[TC-DASH-027]" time="0.015" /><testcase classname="tests.test_comprehensive" name="test_dashboard_cases[TC-DASH-028]" time="0.015" /><testcase classname="tests.test_comprehensive" name="test_dashboard_cases[TC-DASH-029]" time="0.016" /><testcase classname="tests.test_comprehensive" name="test_dashboard_cases[TC-DASH-030]" time="0.017" /><testcase classname="tests.test_comprehensive" name="test_crud_cases[TC-CRUD-001]" time="0.011" /><testcase classname="tests.test_comprehensive" name="test_crud_cases[TC-CRUD-002]" time="0.008" /><testcase classname="tests.test_comprehensive" name="test_crud_cases[TC-CRUD-003]" time="0.009" /><testcase classname="tests.test_comprehensive" name="test_crud_cases[TC-CRUD-004]" time="0.011" /><testcase classname="tests.test_comprehensive" name="test_crud_cases[TC-CRUD-005]" time="0.008" /><testcase classname="tests.test_comprehensive" name="test_crud_cases[TC-CRUD-006]" time="0.012" /><testcase classname="tests.test_comprehensive" name="test_crud_cases[TC-CRUD-007]" time="0.011" /><testcase classname="tests.test_comprehensive" name="test_crud_cases[TC-CRUD-008]" time="0.008" /><testcase classname="tests.test_comprehensive" name="test_crud_cases[TC-CRUD-009]" time="0.011" /><testcase classname="tests.test_comprehensive" name="test_crud_cases[TC-CRUD-010]" time="0.011" /><testcase classname="tests.test_comprehensive" name="test_crud_cases[TC-CRUD-011]" time="0.008" /><testcase classname="tests.test_comprehensive" name="test_crud_cases[TC-CRUD-012]" time="0.031" /><testcase classname="tests.test_comprehensive" name="test_crud_cases[TC-CRUD-013]" time="0.013" /><testcase classname="tests.test_comprehensive" name="test_crud_cases[TC-CRUD-014]" time="0.009" /><testcase classname="tests.test_comprehensive" name="test_crud_cases[TC-CRUD-015]" time="0.011" /><testcase classname="tests.test_comprehensive" name="test_crud_cases[TC-CRUD-016]" time="0.010" /><testcase classname="tests.test_comprehensive" name="test_crud_cases[TC-CRUD-017]" time="0.013" /><testcase classname="tests.test_comprehensive" name="test_crud_cases[TC-CRUD-018]" time="0.009" /><testcase classname="tests.test_comprehensive" name="test_crud_cases[TC-CRUD-019]" time="0.011" /><testcase classname="tests.test_comprehensive" name="test_crud_cases[TC-CRUD-020]" time="0.010" /><testcase classname="tests.test_comprehensive" name="test_crud_cases[TC-CRUD-021]" time="0.008" /><testcase classname="tests.test_comprehensive" name="test_crud_cases[TC-CRUD-022]" time="0.011" /><testcase classname="tests.test_comprehensive" name="test_crud_cases[TC-CRUD-023]" time="0.010" /><testcase classname="tests.test_comprehensive" name="test_crud_cases[TC-CRUD-024]" time="0.008" /><testcase classname="tests.test_comprehensive" name="test_crud_cases[TC-CRUD-025]" time="0.010" /><testcase classname="tests.test_comprehensive" name="test_crud_cases[TC-CRUD-026]" time="0.008" /><testcase classname="tests.test_comprehensive" name="test_crud_cases[TC-CRUD-027]" time="0.011" /><testcase classname="tests.test_comprehensive" name="test_crud_cases[TC-CRUD-028]" time="0.011" /><testcase classname="tests.test_comprehensive" name="test_crud_cases[TC-CRUD-029]" time="0.008" /><testcase classname="tests.test_comprehensive" name="test_crud_cases[TC-CRUD-030]" time="0.011" /><testcase classname="tests.test_comprehensive" name="test_search_cases[TC-SRCH-001]" time="0.280" /><testcase classname="tests.test_comprehensive" name="test_search_cases[TC-SRCH-002]" time="0.157" /><testcase classname="tests.test_comprehensive" name="test_search_cases[TC-SRCH-003]" time="0.156" /><testcase classname="tests.test_comprehensive" name="test_search_cases[TC-SRCH-004]" time="0.009" /><testcase classname="tests.test_comprehensive" name="test_search_cases[TC-SRCH-005]" time="0.008" /><testcase classname="tests.test_comprehensive" name="test_search_cases[TC-SRCH-006]" time="0.008" /><testcase classname="tests.test_comprehensive" name="test_search_cases[TC-SRCH-007]" time="0.008" /><testcase classname="tests.test_comprehensive" name="test_search_cases[TC-SRCH-008]" time="0.008" /><testcase classname="tests.test_comprehensive" name="test_search_cases[TC-SRCH-009]" time="0.008" /><testcase classname="tests.test_comprehensive" name="test_search_cases[TC-SRCH-010]" time="0.008" /><testcase classname="tests.test_comprehensive" name="test_search_cases[TC-SRCH-011]" time="0.152" /><testcase classname="tests.test_comprehensive" name="test_search_cases[TC-SRCH-012]" time="0.153" /><testcase classname="tests.test_comprehensive" name="test_search_cases[TC-SRCH-013]" time="0.153" /><testcase classname="tests.test_comprehensive" name="test_search_cases[TC-SRCH-014]" time="0.008" /><testcase classname="tests.test_comprehensive" name="test_search_cases[TC-SRCH-015]" time="0.008" /><testcase classname="tests.test_comprehensive" name="test_search_cases[TC-SRCH-016]" time="0.008" /><testcase classname="tests.test_comprehensive" name="test_search_cases[TC-SRCH-017]" time="0.008" /><testcase classname="tests.test_comprehensive" name="test_search_cases[TC-SRCH-018]" time="0.008" /><testcase classname="tests.test_comprehensive" name="test_search_cases[TC-SRCH-019]" time="0.008" /><testcase classname="tests.test_comprehensive" name="test_search_cases[TC-SRCH-020]" time="0.008" /><testcase classname="tests.test_comprehensive" name="test_search_cases[TC-SRCH-021]" time="0.151" /><testcase classname="tests.test_comprehensive" name="test_search_cases[TC-SRCH-022]" time="0.153" /><testcase classname="tests.test_comprehensive" name="test_search_cases[TC-SRCH-023]" time="0.151" /><testcase classname="tests.test_comprehensive" name="test_search_cases[TC-SRCH-024]" time="0.009" /><testcase classname="tests.test_comprehensive" name="test_search_cases[TC-SRCH-025]" time="0.008" /><testcase classname="tests.test_comprehensive" name="test_search_cases[TC-SRCH-026]" time="0.008" /><testcase classname="tests.test_comprehensive" name="test_search_cases[TC-SRCH-027]" time="0.008" /><testcase classname="tests.test_comprehensive" name="test_search_cases[TC-SRCH-028]" time="0.008" /><testcase classname="tests.test_comprehensive" name="test_search_cases[TC-SRCH-029]" time="0.008" /><testcase classname="tests.test_comprehensive" name="test_search_cases[TC-SRCH-030]" time="0.008" /><testcase classname="tests.test_comprehensive" name="test_ui_ux_cases[TC-UIUX-001]" time="0.043" /><testcase classname="tests.test_comprehensive" name="test_ui_ux_cases[TC-UIUX-002]" time="0.045" /><testcase classname="tests.test_comprehensive" name="test_ui_ux_cases[TC-UIUX-003]" time="0.040" /><testcase classname="tests.test_comprehensive" name="test_ui_ux_cases[TC-UIUX-004]" time="0.040" /><testcase classname="tests.test_comprehensive" name="test_ui_ux_cases[TC-UIUX-005]" time="0.040" /><testcase classname="tests.test_comprehensive" name="test_ui_ux_cases[TC-UIUX-006]" time="0.041" /><testcase classname="tests.test_comprehensive" name="test_ui_ux_cases[TC-UIUX-007]" time="0.014" /><testcase classname="tests.test_comprehensive" name="test_ui_ux_cases[TC-UIUX-008]" time="0.040" /><testcase classname="tests.test_comprehensive" name="test_ui_ux_cases[TC-UIUX-009]" time="0.046" /><testcase classname="tests.test_comprehensive" name="test_ui_ux_cases[TC-UIUX-010]" time="0.044" /><testcase classname="tests.test_comprehensive" name="test_ui_ux_cases[TC-UIUX-011]" time="0.039" /><testcase classname="tests.test_comprehensive" name="test_ui_ux_cases[TC-UIUX-012]" time="0.042" /><testcase classname="tests.test_comprehensive" name="test_ui_ux_cases[TC-UIUX-013]" time="0.039" /><testcase classname="tests.test_comprehensive" name="test_ui_ux_cases[TC-UIUX-014]" time="0.042" /><testcase classname="tests.test_comprehensive" name="test_ui_ux_cases[TC-UIUX-015]" time="0.040" /><testcase classname="tests.test_comprehensive" name="test_ui_ux_cases[TC-UIUX-016]" time="0.039" /><testcase classname="tests.test_comprehensive" name="test_ui_ux_cases[TC-UIUX-017]" time="0.015" /><testcase classname="tests.test_comprehensive" name="test_ui_ux_cases[TC-UIUX-018]" time="0.043" /><testcase classname="tests.test_comprehensive" name="test_ui_ux_cases[TC-UIUX-019]" time="0.042" /><testcase classname="tests.test_comprehensive" name="test_ui_ux_cases[TC-UIUX-020]" time="0.047" /><testcase classname="tests.test_comprehensive" name="test_ui_ux_cases[TC-UIUX-021]" time="0.040" /><testcase classname="tests.test_comprehensive" name="test_ui_ux_cases[TC-UIUX-022]" time="0.039" /><testcase classname="tests.test_comprehensive" name="test_ui_ux_cases[TC-UIUX-023]" time="0.040" /><testcase classname="tests.test_comprehensive" name="test_ui_ux_cases[TC-UIUX-024]" time="0.038" /><testcase classname="tests.test_comprehensive" name="test_ui_ux_cases[TC-UIUX-025]" time="0.041" /><testcase classname="tests.test_comprehensive" name="test_ui_ux_cases[TC-UIUX-026]" time="0.040" /><testcase classname="tests.test_comprehensive" name="test_ui_ux_cases[TC-UIUX-027]" time="0.014" /><testcase classname="tests.test_comprehensive" name="test_ui_ux_cases[TC-UIUX-028]" time="0.040" /><testcase classname="tests.test_comprehensive" name="test_ui_ux_cases[TC-UIUX-029]" time="0.043" /><testcase classname="tests.test_comprehensive" name="test_ui_ux_cases[TC-UIUX-030]" time="0.041" /><testcase classname="tests.test_comprehensive" name="test_security_cases[TC-SEC-001]" time="0.461" /><testcase classname="tests.test_comprehensive" name="test_security_cases[TC-SEC-002]" time="0.441" /><testcase classname="tests.test_comprehensive" name="test_security_cases[TC-SEC-003]" time="0.231" /><testcase classname="tests.test_comprehensive" name="test_security_cases[TC-SEC-004]" time="0.235" /><testcase classname="tests.test_comprehensive" name="test_security_cases[TC-SEC-005]" time="0.240" /><testcase classname="tests.test_comprehensive" name="test_security_cases[TC-SEC-006]" time="0.243" /><testcase classname="tests.test_comprehensive" name="test_security_cases[TC-SEC-007]" time="0.236" /><testcase classname="tests.test_comprehensive" name="test_security_cases[TC-SEC-008]" time="0.268" /><testcase classname="tests.test_comprehensive" name="test_security_cases[TC-SEC-009]" time="0.239" /><testcase classname="tests.test_comprehensive" name="test_security_cases[TC-SEC-010]" time="0.241" /><testcase classname="tests.test_comprehensive" name="test_security_cases[TC-SEC-011]" time="0.232" /><testcase classname="tests.test_comprehensive" name="test_security_cases[TC-SEC-012]" time="0.235" /><testcase classname="tests.test_comprehensive" name="test_security_cases[TC-SEC-013]" time="0.246" /><testcase classname="tests.test_comprehensive" name="test_security_cases[TC-SEC-014]" time="0.255" /><testcase classname="tests.test_comprehensive" name="test_security_cases[TC-SEC-015]" time="0.248" /><testcase classname="tests.test_comprehensive" name="test_security_cases[TC-SEC-016]" time="0.265" /><testcase classname="tests.test_comprehensive" name="test_security_cases[TC-SEC-017]" time="0.231" /><testcase classname="tests.test_comprehensive" name="test_security_cases[TC-SEC-018]" time="0.250" /><testcase classname="tests.test_comprehensive" name="test_security_cases[TC-SEC-019]" time="0.224" /><testcase classname="tests.test_comprehensive" name="test_security_cases[TC-SEC-020]" time="0.234" /><testcase classname="tests.test_comprehensive" name="test_error_handling_cases[TC-ERR-001]" time="0.094" /><testcase classname="tests.test_comprehensive" name="test_error_handling_cases[TC-ERR-002]" time="0.087" /><testcase classname="tests.test_comprehensive" name="test_error_handling_cases[TC-ERR-003]" time="0.086" /><testcase classname="tests.test_comprehensive" name="test_error_handling_cases[TC-ERR-004]" time="0.078" /><testcase classname="tests.test_comprehensive" name="test_error_handling_cases[TC-ERR-005]" time="0.081" /><testcase classname="tests.test_comprehensive" name="test_error_handling_cases[TC-ERR-006]" time="0.088" /><testcase classname="tests.test_comprehensive" name="test_error_handling_cases[TC-ERR-007]" time="0.078" /><testcase classname="tests.test_comprehensive" name="test_error_handling_cases[TC-ERR-008]" time="0.091" /><testcase classname="tests.test_comprehensive" name="test_error_handling_cases[TC-ERR-009]" time="0.091" /><testcase classname="tests.test_comprehensive" name="test_error_handling_cases[TC-ERR-010]" time="0.075" /><testcase classname="tests.test_comprehensive" name="test_error_handling_cases[TC-ERR-011]" time="0.075" /><testcase classname="tests.test_comprehensive" name="test_error_handling_cases[TC-ERR-012]" time="0.076" /><testcase classname="tests.test_comprehensive" name="test_error_handling_cases[TC-ERR-013]" time="0.107" /><testcase classname="tests.test_comprehensive" name="test_error_handling_cases[TC-ERR-014]" time="0.072" /><testcase classname="tests.test_comprehensive" name="test_error_handling_cases[TC-ERR-015]" time="0.084" /><testcase classname="tests.test_comprehensive" name="test_error_handling_cases[TC-ERR-016]" time="0.074" /><testcase classname="tests.test_comprehensive" name="test_error_handling_cases[TC-ERR-017]" time="0.075" /><testcase classname="tests.test_comprehensive" name="test_error_handling_cases[TC-ERR-018]" time="0.079" /><testcase classname="tests.test_comprehensive" name="test_error_handling_cases[TC-ERR-019]" time="0.093" /><testcase classname="tests.test_comprehensive" name="test_error_handling_cases[TC-ERR-020]" time="0.081" /><testcase classname="tests.test_comprehensive" name="test_performance_cases[TC-PERF-001]" time="1.973" /><testcase classname="tests.test_comprehensive" name="test_performance_cases[TC-PERF-002]" time="0.244" /><testcase classname="tests.test_comprehensive" name="test_performance_cases[TC-PERF-003]" time="0.262" /><testcase classname="tests.test_comprehensive" name="test_performance_cases[TC-PERF-004]" time="0.253" /><testcase classname="tests.test_comprehensive" name="test_performance_cases[TC-PERF-005]" time="0.264" /><testcase classname="tests.test_comprehensive" name="test_performance_cases[TC-PERF-006]" time="0.268" /><testcase classname="tests.test_comprehensive" name="test_performance_cases[TC-PERF-007]" time="0.250" /><testcase classname="tests.test_comprehensive" name="test_performance_cases[TC-PERF-008]" time="0.250" /><testcase classname="tests.test_comprehensive" name="test_performance_cases[TC-PERF-009]" time="0.259" /><testcase classname="tests.test_comprehensive" name="test_performance_cases[TC-PERF-010]" time="0.278" /><testcase classname="tests.test_comprehensive" name="test_performance_cases[TC-PERF-011]" time="0.252" /><testcase classname="tests.test_comprehensive" name="test_performance_cases[TC-PERF-012]" time="0.384" /><testcase classname="tests.test_comprehensive" name="test_performance_cases[TC-PERF-013]" time="0.281" /><testcase classname="tests.test_comprehensive" name="test_performance_cases[TC-PERF-014]" time="0.278" /><testcase classname="tests.test_comprehensive" name="test_performance_cases[TC-PERF-015]" time="0.251" /><testcase classname="tests.test_comprehensive" name="test_performance_cases[TC-PERF-016]" time="0.268" /><testcase classname="tests.test_comprehensive" name="test_performance_cases[TC-PERF-017]" time="0.235" /><testcase classname="tests.test_comprehensive" name="test_performance_cases[TC-PERF-018]" time="0.260" /><testcase classname="tests.test_comprehensive" name="test_performance_cases[TC-PERF-019]" time="0.248" /><testcase classname="tests.test_comprehensive" name="test_performance_cases[TC-PERF-020]" time="0.388" /></testsuite></testsuites>