<?xml version="1.0" encoding="utf-8"?><testsuites><testsuite name="pytest" errors="0" failures="0" skipped="0" tests="3" time="13.238" timestamp="2026-06-18T15:10:52.498749" hostname="runnervm1li68"><testcase classname="tests.test_registration" name="test_valid_registration" time="6.064" /><testcase classname="tests.test_registration" name="test_registration_existing_user" time="5.194" /><testcase classname="tests.test_registration" name="test_registration_empty_fields" time="1.947" /></testsuite></testsuites>