<?xml version="1.0" encoding="utf-8"?><testsuites><testsuite name="pytest" errors="0" failures="0" skipped="0" tests="5" time="8.361" timestamp="2026-06-18T17:48:28.910889" hostname="runnervm7b5n9"><testcase classname="tests.test_dashboard" name="test_dashboard_loads" time="3.264" /><testcase classname="tests.test_dashboard" name="test_user_profile_display" time="1.155" /><testcase classname="tests.test_dashboard" name="test_dashboard_stats_exist" time="1.129" /><testcase classname="tests.test_dashboard" name="test_analytics_charts_rendering" time="1.100" /><testcase classname="tests.test_dashboard" name="test_retrain_model_button" time="1.680" /></testsuite></testsuites>