<?xml version="1.0" encoding="utf-8"?><testsuites><testsuite name="pytest" errors="0" failures="0" skipped="0" tests="3" time="13.178" timestamp="2026-06-18T15:12:15.972143" hostname="runnervm1li68"><testcase classname="tests.test_prediction" name="test_transmit_metrics_success" time="4.371" /><testcase classname="tests.test_prediction" name="test_cognitive_strain_prediction" time="4.347" /><testcase classname="tests.test_prediction" name="test_behavioral_drift_score" time="4.430" /></testsuite></testsuites>