<?xml version="1.0" encoding="utf-8"?><testsuites><testsuite name="pytest" errors="0" failures="0" skipped="0" tests="5" time="8.493" timestamp="2026-06-18T15:12:07.086287" hostname="runnervm1li68"><testcase classname="tests.test_dashboard" name="test_dashboard_loads" time="3.336" /><testcase classname="tests.test_dashboard" name="test_user_profile_display" time="1.163" /><testcase classname="tests.test_dashboard" name="test_dashboard_stats_exist" time="1.119" /><testcase classname="tests.test_dashboard" name="test_analytics_charts_rendering" time="1.098" /><testcase classname="tests.test_dashboard" name="test_retrain_model_button" time="1.742" /></testsuite></testsuites>