<?xml version="1.0" encoding="utf-8"?><testsuites><testsuite name="pytest" errors="0" failures="0" skipped="0" tests="5" time="60.424" timestamp="2026-06-18T17:38:27.678859" hostname="runnervm7b5n9"><testcase classname="tests.test_login" name="test_valid_login" time="16.864" /><testcase classname="tests.test_login" name="test_invalid_password" time="15.666" /><testcase classname="tests.test_login" name="test_invalid_username" time="11.426" /><testcase classname="tests.test_login" name="test_login_empty_fields" time="12.229" /><testcase classname="tests.test_login" name="test_provided_credentials" time="4.201" /></testsuite></testsuites>