<?xml version="1.0" encoding="utf-8"?><testsuites><testsuite name="pytest" errors="0" failures="0" skipped="0" tests="4" time="16.165" timestamp="2026-06-18T18:26:13.245243" hostname="runnervm7b5n9"><testcase classname="tests.test_notifications" name="test_notification_bell_presence" time="3.278" /><testcase classname="tests.test_notifications" name="test_medium_strain_notification_generation" time="3.229" /><testcase classname="tests.test_notifications" name="test_notifications_history_page" time="4.277" /><testcase classname="tests.test_notifications" name="test_delete_notification" time="5.351" /></testsuite></testsuites>